<?xml version="1.0" encoding="UTF-8"?>
<testng-results skipped="0" failed="26" ignored="0" total="89" passed="63">
  <reporter-output>
  </reporter-output>
  <suite name="master" duration-ms="103132" started-at="2020-10-15T05:16:44 IST" finished-at="2020-10-15T05:18:28 IST">
    <groups>
    </groups>
    <test name="Regression" duration-ms="103132" started-at="2020-10-15T05:16:44 IST" finished-at="2020-10-15T05:18:28 IST">
      <class name="com.temp.test.TestsWeather">
        <test-method status="PASS" signature="beforeTest(java.lang.String)[pri:0, instance:com.temp.test.TestsWeather@371a67ec]" name="beforeTest" is-config="true" duration-ms="38177" started-at="2020-10-15T05:16:44 IST" finished-at="2020-10-15T05:17:23 IST">
          <params>
            <param index="0">
              <value>
                <![CDATA[02]]>
              </value>
            </param>
          </params>
          <reporter-output>
          </reporter-output>
        </test-method> <!-- beforeTest -->
        <test-method status="PASS" signature="beforeMethod(org.testng.ITestContext)[pri:0, instance:com.temp.test.TestsWeather@371a67ec]" name="beforeMethod" is-config="true" duration-ms="1" started-at="2020-10-15T05:17:23 IST" finished-at="2020-10-15T05:17:23 IST">
          <params>
            <param index="0">
              <value>
                <![CDATA[org.testng.TestRunner@3aaf4f07]]>
              </value>
            </param>
          </params>
          <reporter-output>
          </reporter-output>
        </test-method> <!-- beforeMethod -->
        <test-method status="PASS" signature="TestAddCity()[pri:0, instance:com.temp.test.TestsWeather@371a67ec]" name="TestAddCity" duration-ms="1171" started-at="2020-10-15T05:17:23 IST" finished-at="2020-10-15T05:17:24 IST">
          <reporter-output>
          </reporter-output>
        </test-method> <!-- TestAddCity -->
        <test-method status="PASS" signature="beforeMethod(org.testng.ITestContext)[pri:0, instance:com.temp.test.TestsWeather@371a67ec]" name="beforeMethod" is-config="true" duration-ms="1" started-at="2020-10-15T05:17:24 IST" finished-at="2020-10-15T05:17:24 IST">
          <params>
            <param index="0">
              <value>
                <![CDATA[org.testng.TestRunner@3aaf4f07]]>
              </value>
            </param>
          </params>
          <reporter-output>
          </reporter-output>
        </test-method> <!-- beforeMethod -->
        <test-method status="PASS" signature="TestPrintCities()[pri:0, instance:com.temp.test.TestsWeather@371a67ec]" name="TestPrintCities" duration-ms="1" started-at="2020-10-15T05:17:24 IST" depends-on-methods="com.temp.test.TestsWeather.TestAddCity" finished-at="2020-10-15T05:17:24 IST">
          <reporter-output>
          </reporter-output>
        </test-method> <!-- TestPrintCities -->
        <test-method status="PASS" signature="beforeMethod(org.testng.ITestContext)[pri:0, instance:com.temp.test.TestsWeather@371a67ec]" name="beforeMethod" is-config="true" duration-ms="1" started-at="2020-10-15T05:17:24 IST" finished-at="2020-10-15T05:17:24 IST">
          <params>
            <param index="0">
              <value>
                <![CDATA[org.testng.TestRunner@3aaf4f07]]>
              </value>
            </param>
          </params>
          <reporter-output>
          </reporter-output>
        </test-method> <!-- beforeMethod -->
        <test-method status="PASS" signature="unCheckCities()[pri:0, instance:com.temp.test.TestsWeather@371a67ec]" name="unCheckCities" duration-ms="2890" started-at="2020-10-15T05:17:24 IST" depends-on-methods="com.temp.test.TestsWeather.TestAddCity" finished-at="2020-10-15T05:17:27 IST">
          <reporter-output>
          </reporter-output>
        </test-method> <!-- unCheckCities -->
        <test-method status="PASS" signature="beforeMethod(org.testng.ITestContext)[pri:0, instance:com.temp.test.TestsWeather@371a67ec]" name="beforeMethod" is-config="true" duration-ms="3" started-at="2020-10-15T05:17:27 IST" finished-at="2020-10-15T05:17:27 IST">
          <params>
            <param index="0">
              <value>
                <![CDATA[org.testng.TestRunner@3aaf4f07]]>
              </value>
            </param>
          </params>
          <reporter-output>
          </reporter-output>
        </test-method> <!-- beforeMethod -->
        <test-method status="PASS" signature="beforeMethod(org.testng.ITestContext)[pri:0, instance:com.temp.test.TestsWeather@371a67ec]" name="beforeMethod" is-config="true" duration-ms="2" started-at="2020-10-15T05:17:27 IST" finished-at="2020-10-15T05:17:27 IST">
          <params>
            <param index="0">
              <value>
                <![CDATA[org.testng.TestRunner@3aaf4f07]]>
              </value>
            </param>
          </params>
          <reporter-output>
          </reporter-output>
        </test-method> <!-- beforeMethod -->
        <test-method status="PASS" signature="beforeMethod(org.testng.ITestContext)[pri:0, instance:com.temp.test.TestsWeather@371a67ec]" name="beforeMethod" is-config="true" duration-ms="1" started-at="2020-10-15T05:17:27 IST" finished-at="2020-10-15T05:17:27 IST">
          <params>
            <param index="0">
              <value>
                <![CDATA[org.testng.TestRunner@3aaf4f07]]>
              </value>
            </param>
          </params>
          <reporter-output>
          </reporter-output>
        </test-method> <!-- beforeMethod -->
        <test-method status="PASS" signature="beforeMethod(org.testng.ITestContext)[pri:0, instance:com.temp.test.TestsWeather@371a67ec]" name="beforeMethod" is-config="true" duration-ms="0" started-at="2020-10-15T05:17:27 IST" finished-at="2020-10-15T05:17:27 IST">
          <params>
            <param index="0">
              <value>
                <![CDATA[org.testng.TestRunner@3aaf4f07]]>
              </value>
            </param>
          </params>
          <reporter-output>
          </reporter-output>
        </test-method> <!-- beforeMethod -->
        <test-method status="PASS" signature="beforeMethod(org.testng.ITestContext)[pri:0, instance:com.temp.test.TestsWeather@371a67ec]" name="beforeMethod" is-config="true" duration-ms="2" started-at="2020-10-15T05:17:27 IST" finished-at="2020-10-15T05:17:27 IST">
          <params>
            <param index="0">
              <value>
                <![CDATA[org.testng.TestRunner@3aaf4f07]]>
              </value>
            </param>
          </params>
          <reporter-output>
          </reporter-output>
        </test-method> <!-- beforeMethod -->
        <test-method status="PASS" signature="beforeMethod(org.testng.ITestContext)[pri:0, instance:com.temp.test.TestsWeather@371a67ec]" name="beforeMethod" is-config="true" duration-ms="0" started-at="2020-10-15T05:17:27 IST" finished-at="2020-10-15T05:17:27 IST">
          <params>
            <param index="0">
              <value>
                <![CDATA[org.testng.TestRunner@3aaf4f07]]>
              </value>
            </param>
          </params>
          <reporter-output>
          </reporter-output>
        </test-method> <!-- beforeMethod -->
        <test-method status="PASS" signature="getTemp(com.temp.test.City)[pri:0, instance:com.temp.test.TestsWeather@371a67ec]" name="getTemp" duration-ms="5949" started-at="2020-10-15T05:17:27 IST" data-provider="DataCity" depends-on-methods="com.temp.test.TestsWeather.unCheckCities" finished-at="2020-10-15T05:17:33 IST">
          <params>
            <param index="0">
              <value>
                <![CDATA[com.temp.test.City@3208d0ce]]>
              </value>
            </param>
          </params>
          <reporter-output>
          </reporter-output>
        </test-method> <!-- getTemp -->
        <test-method status="PASS" signature="beforeMethod(org.testng.ITestContext)[pri:0, instance:com.temp.test.TestsWeather@371a67ec]" name="beforeMethod" is-config="true" duration-ms="0" started-at="2020-10-15T05:17:27 IST" finished-at="2020-10-15T05:17:27 IST">
          <params>
            <param index="0">
              <value>
                <![CDATA[org.testng.TestRunner@3aaf4f07]]>
              </value>
            </param>
          </params>
          <reporter-output>
          </reporter-output>
        </test-method> <!-- beforeMethod -->
        <test-method status="PASS" signature="beforeMethod(org.testng.ITestContext)[pri:0, instance:com.temp.test.TestsWeather@371a67ec]" name="beforeMethod" is-config="true" duration-ms="0" started-at="2020-10-15T05:17:27 IST" finished-at="2020-10-15T05:17:27 IST">
          <params>
            <param index="0">
              <value>
                <![CDATA[org.testng.TestRunner@3aaf4f07]]>
              </value>
            </param>
          </params>
          <reporter-output>
          </reporter-output>
        </test-method> <!-- beforeMethod -->
        <test-method status="PASS" signature="getTemp(com.temp.test.City)[pri:0, instance:com.temp.test.TestsWeather@371a67ec]" name="getTemp" duration-ms="6266" started-at="2020-10-15T05:17:27 IST" data-provider="DataCity" depends-on-methods="com.temp.test.TestsWeather.unCheckCities" finished-at="2020-10-15T05:17:33 IST">
          <params>
            <param index="0">
              <value>
                <![CDATA[com.temp.test.City@3be5bf64]]>
              </value>
            </param>
          </params>
          <reporter-output>
          </reporter-output>
        </test-method> <!-- getTemp -->
        <test-method status="PASS" signature="beforeMethod(org.testng.ITestContext)[pri:0, instance:com.temp.test.TestsWeather@371a67ec]" name="beforeMethod" is-config="true" duration-ms="1" started-at="2020-10-15T05:17:27 IST" finished-at="2020-10-15T05:17:27 IST">
          <params>
            <param index="0">
              <value>
                <![CDATA[org.testng.TestRunner@3aaf4f07]]>
              </value>
            </param>
          </params>
          <reporter-output>
          </reporter-output>
        </test-method> <!-- beforeMethod -->
        <test-method status="PASS" signature="getTemp(com.temp.test.City)[pri:0, instance:com.temp.test.TestsWeather@371a67ec]" name="getTemp" duration-ms="5920" started-at="2020-10-15T05:17:27 IST" data-provider="DataCity" depends-on-methods="com.temp.test.TestsWeather.unCheckCities" finished-at="2020-10-15T05:17:33 IST">
          <params>
            <param index="0">
              <value>
                <![CDATA[com.temp.test.City@133ce90c]]>
              </value>
            </param>
          </params>
          <reporter-output>
          </reporter-output>
        </test-method> <!-- getTemp -->
        <test-method status="PASS" signature="getTemp(com.temp.test.City)[pri:0, instance:com.temp.test.TestsWeather@371a67ec]" name="getTemp" duration-ms="5891" started-at="2020-10-15T05:17:27 IST" data-provider="DataCity" depends-on-methods="com.temp.test.TestsWeather.unCheckCities" finished-at="2020-10-15T05:17:33 IST">
          <params>
            <param index="0">
              <value>
                <![CDATA[com.temp.test.City@654d968c]]>
              </value>
            </param>
          </params>
          <reporter-output>
          </reporter-output>
        </test-method> <!-- getTemp -->
        <test-method status="PASS" signature="getTemp(com.temp.test.City)[pri:0, instance:com.temp.test.TestsWeather@371a67ec]" name="getTemp" duration-ms="5993" started-at="2020-10-15T05:17:27 IST" data-provider="DataCity" depends-on-methods="com.temp.test.TestsWeather.unCheckCities" finished-at="2020-10-15T05:17:33 IST">
          <params>
            <param index="0">
              <value>
                <![CDATA[com.temp.test.City@54807c63]]>
              </value>
            </param>
          </params>
          <reporter-output>
          </reporter-output>
        </test-method> <!-- getTemp -->
        <test-method status="PASS" signature="beforeMethod(org.testng.ITestContext)[pri:0, instance:com.temp.test.TestsWeather@371a67ec]" name="beforeMethod" is-config="true" duration-ms="0" started-at="2020-10-15T05:17:27 IST" finished-at="2020-10-15T05:17:27 IST">
          <params>
            <param index="0">
              <value>
                <![CDATA[org.testng.TestRunner@3aaf4f07]]>
              </value>
            </param>
          </params>
          <reporter-output>
          </reporter-output>
        </test-method> <!-- beforeMethod -->
        <test-method status="PASS" signature="getTemp(com.temp.test.City)[pri:0, instance:com.temp.test.TestsWeather@371a67ec]" name="getTemp" duration-ms="6033" started-at="2020-10-15T05:17:27 IST" data-provider="DataCity" depends-on-methods="com.temp.test.TestsWeather.unCheckCities" finished-at="2020-10-15T05:17:33 IST">
          <params>
            <param index="0">
              <value>
                <![CDATA[com.temp.test.City@23898ef1]]>
              </value>
            </param>
          </params>
          <reporter-output>
          </reporter-output>
        </test-method> <!-- getTemp -->
        <test-method status="FAIL" signature="getTemp(com.temp.test.City)[pri:0, instance:com.temp.test.TestsWeather@371a67ec]" name="getTemp" duration-ms="8089" started-at="2020-10-15T05:17:27 IST" data-provider="DataCity" depends-on-methods="com.temp.test.TestsWeather.unCheckCities" finished-at="2020-10-15T05:17:35 IST">
          <params>
            <param index="0">
              <value>
                <![CDATA[com.temp.test.City@2ed9225f]]>
              </value>
            </param>
          </params>
          <exception class="java.lang.AssertionError">
            <message>
              <![CDATA[For city Amritsar: The Actual temp is 18.0 and expected is 34.0 expected [34.0] but found [18.0]]]>
            </message>
            <full-stacktrace>
              <![CDATA[java.lang.AssertionError: For city Amritsar: The Actual temp is 18.0 and expected is 34.0 expected [34.0] but found [18.0]
at org.testng.Assert.fail(Assert.java:99)
at org.testng.Assert.failNotEquals(Assert.java:1037)
at org.testng.Assert.assertEquals(Assert.java:744)
at com.temp.test.TestsWeather.getTemp(TestsWeather.java:224)
at sun.reflect.NativeMethodAccessorImpl.invoke0(Native Method)
at sun.reflect.NativeMethodAccessorImpl.invoke(NativeMethodAccessorImpl.java:62)
at sun.reflect.DelegatingMethodAccessorImpl.invoke(DelegatingMethodAccessorImpl.java:43)
at java.lang.reflect.Method.invoke(Method.java:498)
at org.testng.internal.MethodInvocationHelper.invokeMethod(MethodInvocationHelper.java:132)
at org.testng.internal.TestInvoker.invokeMethod(TestInvoker.java:599)
at org.testng.internal.TestInvoker.invokeTestMethod(TestInvoker.java:174)
at org.testng.internal.TestMethodWithDataProviderMethodWorker.call(TestMethodWithDataProviderMethodWorker.java:77)
at org.testng.internal.TestMethodWithDataProviderMethodWorker.call(TestMethodWithDataProviderMethodWorker.java:15)
at java.util.concurrent.FutureTask.run(FutureTask.java:266)
at java.util.concurrent.Executors$RunnableAdapter.call(Executors.java:511)
at java.util.concurrent.FutureTask.run(FutureTask.java:266)
at java.util.concurrent.ThreadPoolExecutor.runWorker(ThreadPoolExecutor.java:1149)
at java.util.concurrent.ThreadPoolExecutor$Worker.run(ThreadPoolExecutor.java:624)
at java.lang.Thread.run(Thread.java:748)
]]>
            </full-stacktrace>
          </exception> <!-- java.lang.AssertionError -->
          <reporter-output>
          </reporter-output>
        </test-method> <!-- getTemp -->
        <test-method status="PASS" signature="getTemp(com.temp.test.City)[pri:0, instance:com.temp.test.TestsWeather@371a67ec]" name="getTemp" duration-ms="6012" started-at="2020-10-15T05:17:27 IST" data-provider="DataCity" depends-on-methods="com.temp.test.TestsWeather.unCheckCities" finished-at="2020-10-15T05:17:33 IST">
          <params>
            <param index="0">
              <value>
                <![CDATA[com.temp.test.City@4dc4a612]]>
              </value>
            </param>
          </params>
          <reporter-output>
          </reporter-output>
        </test-method> <!-- getTemp -->
        <test-method status="FAIL" signature="getTemp(com.temp.test.City)[pri:0, instance:com.temp.test.TestsWeather@371a67ec]" name="getTemp" duration-ms="7806" started-at="2020-10-15T05:17:27 IST" data-provider="DataCity" depends-on-methods="com.temp.test.TestsWeather.unCheckCities" finished-at="2020-10-15T05:17:35 IST">
          <params>
            <param index="0">
              <value>
                <![CDATA[com.temp.test.City@4ecee6f3]]>
              </value>
            </param>
          </params>
          <exception class="java.lang.AssertionError">
            <message>
              <![CDATA[For city Ajmer: The Actual temp is 23.559998 and expected is 34.0 expected [34.0] but found [23.559998]]]>
            </message>
            <full-stacktrace>
              <![CDATA[java.lang.AssertionError: For city Ajmer: The Actual temp is 23.559998 and expected is 34.0 expected [34.0] but found [23.559998]
at org.testng.Assert.fail(Assert.java:99)
at org.testng.Assert.failNotEquals(Assert.java:1037)
at org.testng.Assert.assertEquals(Assert.java:744)
at com.temp.test.TestsWeather.getTemp(TestsWeather.java:224)
at sun.reflect.NativeMethodAccessorImpl.invoke0(Native Method)
at sun.reflect.NativeMethodAccessorImpl.invoke(NativeMethodAccessorImpl.java:62)
at sun.reflect.DelegatingMethodAccessorImpl.invoke(DelegatingMethodAccessorImpl.java:43)
at java.lang.reflect.Method.invoke(Method.java:498)
at org.testng.internal.MethodInvocationHelper.invokeMethod(MethodInvocationHelper.java:132)
at org.testng.internal.TestInvoker.invokeMethod(TestInvoker.java:599)
at org.testng.internal.TestInvoker.invokeTestMethod(TestInvoker.java:174)
at org.testng.internal.TestMethodWithDataProviderMethodWorker.call(TestMethodWithDataProviderMethodWorker.java:77)
at org.testng.internal.TestMethodWithDataProviderMethodWorker.call(TestMethodWithDataProviderMethodWorker.java:15)
at java.util.concurrent.FutureTask.run(FutureTask.java:266)
at java.util.concurrent.Executors$RunnableAdapter.call(Executors.java:511)
at java.util.concurrent.FutureTask.run(FutureTask.java:266)
at java.util.concurrent.ThreadPoolExecutor.runWorker(ThreadPoolExecutor.java:1149)
at java.util.concurrent.ThreadPoolExecutor$Worker.run(ThreadPoolExecutor.java:624)
at java.lang.Thread.run(Thread.java:748)
]]>
            </full-stacktrace>
          </exception> <!-- java.lang.AssertionError -->
          <reporter-output>
          </reporter-output>
        </test-method> <!-- getTemp -->
        <test-method status="PASS" signature="getTemp(com.temp.test.City)[pri:0, instance:com.temp.test.TestsWeather@371a67ec]" name="getTemp" duration-ms="6053" started-at="2020-10-15T05:17:27 IST" data-provider="DataCity" depends-on-methods="com.temp.test.TestsWeather.unCheckCities" finished-at="2020-10-15T05:17:33 IST">
          <params>
            <param index="0">
              <value>
                <![CDATA[com.temp.test.City@3201b64e]]>
              </value>
            </param>
          </params>
          <reporter-output>
          </reporter-output>
        </test-method> <!-- getTemp -->
        <test-method status="PASS" signature="beforeMethod(org.testng.ITestContext)[pri:0, instance:com.temp.test.TestsWeather@371a67ec]" name="beforeMethod" is-config="true" duration-ms="1" started-at="2020-10-15T05:17:33 IST" finished-at="2020-10-15T05:17:33 IST">
          <params>
            <param index="0">
              <value>
                <![CDATA[org.testng.TestRunner@3aaf4f07]]>
              </value>
            </param>
          </params>
          <reporter-output>
          </reporter-output>
        </test-method> <!-- beforeMethod -->
        <test-method status="PASS" signature="getTemp(com.temp.test.City)[pri:0, instance:com.temp.test.TestsWeather@371a67ec]" name="getTemp" duration-ms="6561" started-at="2020-10-15T05:17:33 IST" data-provider="DataCity" depends-on-methods="com.temp.test.TestsWeather.unCheckCities" finished-at="2020-10-15T05:17:39 IST">
          <params>
            <param index="0">
              <value>
                <![CDATA[com.temp.test.City@1d90f4e8]]>
              </value>
            </param>
          </params>
          <reporter-output>
          </reporter-output>
        </test-method> <!-- getTemp -->
        <test-method status="PASS" signature="beforeMethod(org.testng.ITestContext)[pri:0, instance:com.temp.test.TestsWeather@371a67ec]" name="beforeMethod" is-config="true" duration-ms="1" started-at="2020-10-15T05:17:33 IST" finished-at="2020-10-15T05:17:33 IST">
          <params>
            <param index="0">
              <value>
                <![CDATA[org.testng.TestRunner@3aaf4f07]]>
              </value>
            </param>
          </params>
          <reporter-output>
          </reporter-output>
        </test-method> <!-- beforeMethod -->
        <test-method status="PASS" signature="getTemp(com.temp.test.City)[pri:0, instance:com.temp.test.TestsWeather@371a67ec]" name="getTemp" duration-ms="6560" started-at="2020-10-15T05:17:33 IST" data-provider="DataCity" depends-on-methods="com.temp.test.TestsWeather.unCheckCities" finished-at="2020-10-15T05:17:39 IST">
          <params>
            <param index="0">
              <value>
                <![CDATA[com.temp.test.City@2176ef83]]>
              </value>
            </param>
          </params>
          <reporter-output>
          </reporter-output>
        </test-method> <!-- getTemp -->
        <test-method status="PASS" signature="beforeMethod(org.testng.ITestContext)[pri:0, instance:com.temp.test.TestsWeather@371a67ec]" name="beforeMethod" is-config="true" duration-ms="1" started-at="2020-10-15T05:17:33 IST" finished-at="2020-10-15T05:17:33 IST">
          <params>
            <param index="0">
              <value>
                <![CDATA[org.testng.TestRunner@3aaf4f07]]>
              </value>
            </param>
          </params>
          <reporter-output>
          </reporter-output>
        </test-method> <!-- beforeMethod -->
        <test-method status="PASS" signature="getTemp(com.temp.test.City)[pri:0, instance:com.temp.test.TestsWeather@371a67ec]" name="getTemp" duration-ms="6567" started-at="2020-10-15T05:17:33 IST" data-provider="DataCity" depends-on-methods="com.temp.test.TestsWeather.unCheckCities" finished-at="2020-10-15T05:17:39 IST">
          <params>
            <param index="0">
              <value>
                <![CDATA[com.temp.test.City@7e07f5e9]]>
              </value>
            </param>
          </params>
          <reporter-output>
          </reporter-output>
        </test-method> <!-- getTemp -->
        <test-method status="PASS" signature="beforeMethod(org.testng.ITestContext)[pri:0, instance:com.temp.test.TestsWeather@371a67ec]" name="beforeMethod" is-config="true" duration-ms="1" started-at="2020-10-15T05:17:33 IST" finished-at="2020-10-15T05:17:33 IST">
          <params>
            <param index="0">
              <value>
                <![CDATA[org.testng.TestRunner@3aaf4f07]]>
              </value>
            </param>
          </params>
          <reporter-output>
          </reporter-output>
        </test-method> <!-- beforeMethod -->
        <test-method status="FAIL" signature="getTemp(com.temp.test.City)[pri:0, instance:com.temp.test.TestsWeather@371a67ec]" name="getTemp" duration-ms="6415" started-at="2020-10-15T05:17:33 IST" data-provider="DataCity" depends-on-methods="com.temp.test.TestsWeather.unCheckCities" finished-at="2020-10-15T05:17:39 IST">
          <params>
            <param index="0">
              <value>
                <![CDATA[com.temp.test.City@befb6af]]>
              </value>
            </param>
          </params>
          <exception class="java.lang.AssertionError">
            <message>
              <![CDATA[For city Bikaner: The Actual temp is 25.630005 and expected is 36.0 expected [36.0] but found [25.630005]]]>
            </message>
            <full-stacktrace>
              <![CDATA[java.lang.AssertionError: For city Bikaner: The Actual temp is 25.630005 and expected is 36.0 expected [36.0] but found [25.630005]
at org.testng.Assert.fail(Assert.java:99)
at org.testng.Assert.failNotEquals(Assert.java:1037)
at org.testng.Assert.assertEquals(Assert.java:744)
at com.temp.test.TestsWeather.getTemp(TestsWeather.java:224)
at sun.reflect.NativeMethodAccessorImpl.invoke0(Native Method)
at sun.reflect.NativeMethodAccessorImpl.invoke(NativeMethodAccessorImpl.java:62)
at sun.reflect.DelegatingMethodAccessorImpl.invoke(DelegatingMethodAccessorImpl.java:43)
at java.lang.reflect.Method.invoke(Method.java:498)
at org.testng.internal.MethodInvocationHelper.invokeMethod(MethodInvocationHelper.java:132)
at org.testng.internal.TestInvoker.invokeMethod(TestInvoker.java:599)
at org.testng.internal.TestInvoker.invokeTestMethod(TestInvoker.java:174)
at org.testng.internal.TestMethodWithDataProviderMethodWorker.call(TestMethodWithDataProviderMethodWorker.java:77)
at org.testng.internal.TestMethodWithDataProviderMethodWorker.call(TestMethodWithDataProviderMethodWorker.java:15)
at java.util.concurrent.FutureTask.run(FutureTask.java:266)
at java.util.concurrent.Executors$RunnableAdapter.call(Executors.java:511)
at java.util.concurrent.FutureTask.run(FutureTask.java:266)
at java.util.concurrent.ThreadPoolExecutor.runWorker(ThreadPoolExecutor.java:1149)
at java.util.concurrent.ThreadPoolExecutor$Worker.run(ThreadPoolExecutor.java:624)
at java.lang.Thread.run(Thread.java:748)
]]>
            </full-stacktrace>
          </exception> <!-- java.lang.AssertionError -->
          <reporter-output>
          </reporter-output>
        </test-method> <!-- getTemp -->
        <test-method status="PASS" signature="beforeMethod(org.testng.ITestContext)[pri:0, instance:com.temp.test.TestsWeather@371a67ec]" name="beforeMethod" is-config="true" duration-ms="0" started-at="2020-10-15T05:17:33 IST" finished-at="2020-10-15T05:17:33 IST">
          <params>
            <param index="0">
              <value>
                <![CDATA[org.testng.TestRunner@3aaf4f07]]>
              </value>
            </param>
          </params>
          <reporter-output>
          </reporter-output>
        </test-method> <!-- beforeMethod -->
        <test-method status="PASS" signature="getTemp(com.temp.test.City)[pri:0, instance:com.temp.test.TestsWeather@371a67ec]" name="getTemp" duration-ms="6526" started-at="2020-10-15T05:17:33 IST" data-provider="DataCity" depends-on-methods="com.temp.test.TestsWeather.unCheckCities" finished-at="2020-10-15T05:17:39 IST">
          <params>
            <param index="0">
              <value>
                <![CDATA[com.temp.test.City@74ff4f86]]>
              </value>
            </param>
          </params>
          <reporter-output>
          </reporter-output>
        </test-method> <!-- getTemp -->
        <test-method status="PASS" signature="beforeMethod(org.testng.ITestContext)[pri:0, instance:com.temp.test.TestsWeather@371a67ec]" name="beforeMethod" is-config="true" duration-ms="0" started-at="2020-10-15T05:17:33 IST" finished-at="2020-10-15T05:17:33 IST">
          <params>
            <param index="0">
              <value>
                <![CDATA[org.testng.TestRunner@3aaf4f07]]>
              </value>
            </param>
          </params>
          <reporter-output>
          </reporter-output>
        </test-method> <!-- beforeMethod -->
        <test-method status="PASS" signature="getTemp(com.temp.test.City)[pri:0, instance:com.temp.test.TestsWeather@371a67ec]" name="getTemp" duration-ms="6531" started-at="2020-10-15T05:17:33 IST" data-provider="DataCity" depends-on-methods="com.temp.test.TestsWeather.unCheckCities" finished-at="2020-10-15T05:17:39 IST">
          <params>
            <param index="0">
              <value>
                <![CDATA[com.temp.test.City@3792845b]]>
              </value>
            </param>
          </params>
          <reporter-output>
          </reporter-output>
        </test-method> <!-- getTemp -->
        <test-method status="PASS" signature="beforeMethod(org.testng.ITestContext)[pri:0, instance:com.temp.test.TestsWeather@371a67ec]" name="beforeMethod" is-config="true" duration-ms="1" started-at="2020-10-15T05:17:33 IST" finished-at="2020-10-15T05:17:33 IST">
          <params>
            <param index="0">
              <value>
                <![CDATA[org.testng.TestRunner@3aaf4f07]]>
              </value>
            </param>
          </params>
          <reporter-output>
          </reporter-output>
        </test-method> <!-- beforeMethod -->
        <test-method status="FAIL" signature="getTemp(com.temp.test.City)[pri:0, instance:com.temp.test.TestsWeather@371a67ec]" name="getTemp" duration-ms="7253" started-at="2020-10-15T05:17:33 IST" data-provider="DataCity" depends-on-methods="com.temp.test.TestsWeather.unCheckCities" finished-at="2020-10-15T05:17:40 IST">
          <params>
            <param index="0">
              <value>
                <![CDATA[com.temp.test.City@41bbfee]]>
              </value>
            </param>
          </params>
          <exception class="java.lang.AssertionError">
            <message>
              <![CDATA[For city Chandigarh: The Actual temp is 21.059998 and expected is 34.0 expected [34.0] but found [21.059998]]]>
            </message>
            <full-stacktrace>
              <![CDATA[java.lang.AssertionError: For city Chandigarh: The Actual temp is 21.059998 and expected is 34.0 expected [34.0] but found [21.059998]
at org.testng.Assert.fail(Assert.java:99)
at org.testng.Assert.failNotEquals(Assert.java:1037)
at org.testng.Assert.assertEquals(Assert.java:744)
at com.temp.test.TestsWeather.getTemp(TestsWeather.java:224)
at sun.reflect.GeneratedMethodAccessor46.invoke(Unknown Source)
at sun.reflect.DelegatingMethodAccessorImpl.invoke(DelegatingMethodAccessorImpl.java:43)
at java.lang.reflect.Method.invoke(Method.java:498)
at org.testng.internal.MethodInvocationHelper.invokeMethod(MethodInvocationHelper.java:132)
at org.testng.internal.TestInvoker.invokeMethod(TestInvoker.java:599)
at org.testng.internal.TestInvoker.invokeTestMethod(TestInvoker.java:174)
at org.testng.internal.TestMethodWithDataProviderMethodWorker.call(TestMethodWithDataProviderMethodWorker.java:77)
at org.testng.internal.TestMethodWithDataProviderMethodWorker.call(TestMethodWithDataProviderMethodWorker.java:15)
at java.util.concurrent.FutureTask.run(FutureTask.java:266)
at java.util.concurrent.Executors$RunnableAdapter.call(Executors.java:511)
at java.util.concurrent.FutureTask.run(FutureTask.java:266)
at java.util.concurrent.ThreadPoolExecutor.runWorker(ThreadPoolExecutor.java:1149)
at java.util.concurrent.ThreadPoolExecutor$Worker.run(ThreadPoolExecutor.java:624)
at java.lang.Thread.run(Thread.java:748)
]]>
            </full-stacktrace>
          </exception> <!-- java.lang.AssertionError -->
          <reporter-output>
          </reporter-output>
        </test-method> <!-- getTemp -->
        <test-method status="PASS" signature="beforeMethod(org.testng.ITestContext)[pri:0, instance:com.temp.test.TestsWeather@371a67ec]" name="beforeMethod" is-config="true" duration-ms="0" started-at="2020-10-15T05:17:33 IST" finished-at="2020-10-15T05:17:33 IST">
          <params>
            <param index="0">
              <value>
                <![CDATA[org.testng.TestRunner@3aaf4f07]]>
              </value>
            </param>
          </params>
          <reporter-output>
          </reporter-output>
        </test-method> <!-- beforeMethod -->
        <test-method status="PASS" signature="getTemp(com.temp.test.City)[pri:0, instance:com.temp.test.TestsWeather@371a67ec]" name="getTemp" duration-ms="7457" started-at="2020-10-15T05:17:33 IST" data-provider="DataCity" depends-on-methods="com.temp.test.TestsWeather.unCheckCities" finished-at="2020-10-15T05:17:40 IST">
          <params>
            <param index="0">
              <value>
                <![CDATA[com.temp.test.City@2d464ef4]]>
              </value>
            </param>
          </params>
          <reporter-output>
          </reporter-output>
        </test-method> <!-- getTemp -->
        <test-method status="FAIL" signature="getTemp(com.temp.test.City)[pri:0, instance:com.temp.test.TestsWeather@371a67ec]" name="getTemp" duration-ms="5381" started-at="2020-10-15T05:17:35 IST" data-provider="DataCity" depends-on-methods="com.temp.test.TestsWeather.unCheckCities" finished-at="2020-10-15T05:17:40 IST">
          <params>
            <param index="0">
              <value>
                <![CDATA[com.temp.test.City@33badf9b]]>
              </value>
            </param>
          </params>
          <exception class="java.lang.NumberFormatException">
            <message>
              <![CDATA[For input string: ""]]>
            </message>
            <full-stacktrace>
              <![CDATA[java.lang.NumberFormatException: For input string: ""
at java.lang.NumberFormatException.forInputString(NumberFormatException.java:65)
at java.lang.Integer.parseInt(Integer.java:592)
at java.lang.Integer.valueOf(Integer.java:766)
at com.temp.test.TestsWeather.getTemp(TestsWeather.java:183)
at sun.reflect.GeneratedMethodAccessor46.invoke(Unknown Source)
at sun.reflect.DelegatingMethodAccessorImpl.invoke(DelegatingMethodAccessorImpl.java:43)
at java.lang.reflect.Method.invoke(Method.java:498)
at org.testng.internal.MethodInvocationHelper.invokeMethod(MethodInvocationHelper.java:132)
at org.testng.internal.TestInvoker.invokeMethod(TestInvoker.java:599)
at org.testng.internal.TestInvoker.invokeTestMethod(TestInvoker.java:174)
at org.testng.internal.TestMethodWithDataProviderMethodWorker.call(TestMethodWithDataProviderMethodWorker.java:77)
at org.testng.internal.TestMethodWithDataProviderMethodWorker.call(TestMethodWithDataProviderMethodWorker.java:15)
at java.util.concurrent.FutureTask.run(FutureTask.java:266)
at java.util.concurrent.Executors$RunnableAdapter.call(Executors.java:511)
at java.util.concurrent.FutureTask.run(FutureTask.java:266)
at java.util.concurrent.ThreadPoolExecutor.runWorker(ThreadPoolExecutor.java:1149)
at java.util.concurrent.ThreadPoolExecutor$Worker.run(ThreadPoolExecutor.java:624)
at java.lang.Thread.run(Thread.java:748)
]]>
            </full-stacktrace>
          </exception> <!-- java.lang.NumberFormatException -->
          <reporter-output>
          </reporter-output>
        </test-method> <!-- getTemp -->
        <test-method status="PASS" signature="beforeMethod(org.testng.ITestContext)[pri:0, instance:com.temp.test.TestsWeather@371a67ec]" name="beforeMethod" is-config="true" duration-ms="0" started-at="2020-10-15T05:17:35 IST" finished-at="2020-10-15T05:17:35 IST">
          <params>
            <param index="0">
              <value>
                <![CDATA[org.testng.TestRunner@3aaf4f07]]>
              </value>
            </param>
          </params>
          <reporter-output>
          </reporter-output>
        </test-method> <!-- beforeMethod -->
        <test-method status="PASS" signature="beforeMethod(org.testng.ITestContext)[pri:0, instance:com.temp.test.TestsWeather@371a67ec]" name="beforeMethod" is-config="true" duration-ms="0" started-at="2020-10-15T05:17:35 IST" finished-at="2020-10-15T05:17:35 IST">
          <params>
            <param index="0">
              <value>
                <![CDATA[org.testng.TestRunner@3aaf4f07]]>
              </value>
            </param>
          </params>
          <reporter-output>
          </reporter-output>
        </test-method> <!-- beforeMethod -->
        <test-method status="FAIL" signature="getTemp(com.temp.test.City)[pri:0, instance:com.temp.test.TestsWeather@371a67ec]" name="getTemp" duration-ms="10947" started-at="2020-10-15T05:17:35 IST" data-provider="DataCity" depends-on-methods="com.temp.test.TestsWeather.unCheckCities" finished-at="2020-10-15T05:17:46 IST">
          <params>
            <param index="0">
              <value>
                <![CDATA[com.temp.test.City@c8922bd]]>
              </value>
            </param>
          </params>
          <exception class="java.lang.AssertionError">
            <message>
              <![CDATA[For city Dehra Dun: The Actual temp is 20.330017 and expected is 31.0 expected [31.0] but found [20.330017]]]>
            </message>
            <full-stacktrace>
              <![CDATA[java.lang.AssertionError: For city Dehra Dun: The Actual temp is 20.330017 and expected is 31.0 expected [31.0] but found [20.330017]
at org.testng.Assert.fail(Assert.java:99)
at org.testng.Assert.failNotEquals(Assert.java:1037)
at org.testng.Assert.assertEquals(Assert.java:744)
at com.temp.test.TestsWeather.getTemp(TestsWeather.java:224)
at sun.reflect.GeneratedMethodAccessor46.invoke(Unknown Source)
at sun.reflect.DelegatingMethodAccessorImpl.invoke(DelegatingMethodAccessorImpl.java:43)
at java.lang.reflect.Method.invoke(Method.java:498)
at org.testng.internal.MethodInvocationHelper.invokeMethod(MethodInvocationHelper.java:132)
at org.testng.internal.TestInvoker.invokeMethod(TestInvoker.java:599)
at org.testng.internal.TestInvoker.invokeTestMethod(TestInvoker.java:174)
at org.testng.internal.TestMethodWithDataProviderMethodWorker.call(TestMethodWithDataProviderMethodWorker.java:77)
at org.testng.internal.TestMethodWithDataProviderMethodWorker.call(TestMethodWithDataProviderMethodWorker.java:15)
at java.util.concurrent.FutureTask.run(FutureTask.java:266)
at java.util.concurrent.Executors$RunnableAdapter.call(Executors.java:511)
at java.util.concurrent.FutureTask.run(FutureTask.java:266)
at java.util.concurrent.ThreadPoolExecutor.runWorker(ThreadPoolExecutor.java:1149)
at java.util.concurrent.ThreadPoolExecutor$Worker.run(ThreadPoolExecutor.java:624)
at java.lang.Thread.run(Thread.java:748)
]]>
            </full-stacktrace>
          </exception> <!-- java.lang.AssertionError -->
          <reporter-output>
          </reporter-output>
        </test-method> <!-- getTemp -->
        <test-method status="PASS" signature="beforeMethod(org.testng.ITestContext)[pri:0, instance:com.temp.test.TestsWeather@371a67ec]" name="beforeMethod" is-config="true" duration-ms="1" started-at="2020-10-15T05:17:39 IST" finished-at="2020-10-15T05:17:39 IST">
          <params>
            <param index="0">
              <value>
                <![CDATA[org.testng.TestRunner@3aaf4f07]]>
              </value>
            </param>
          </params>
          <reporter-output>
          </reporter-output>
        </test-method> <!-- beforeMethod -->
        <test-method status="PASS" signature="getTemp(com.temp.test.City)[pri:0, instance:com.temp.test.TestsWeather@371a67ec]" name="getTemp" duration-ms="6651" started-at="2020-10-15T05:17:39 IST" data-provider="DataCity" depends-on-methods="com.temp.test.TestsWeather.unCheckCities" finished-at="2020-10-15T05:17:46 IST">
          <params>
            <param index="0">
              <value>
                <![CDATA[com.temp.test.City@5f4df434]]>
              </value>
            </param>
          </params>
          <reporter-output>
          </reporter-output>
        </test-method> <!-- getTemp -->
        <test-method status="PASS" signature="beforeMethod(org.testng.ITestContext)[pri:0, instance:com.temp.test.TestsWeather@371a67ec]" name="beforeMethod" is-config="true" duration-ms="1" started-at="2020-10-15T05:17:39 IST" finished-at="2020-10-15T05:17:39 IST">
          <params>
            <param index="0">
              <value>
                <![CDATA[org.testng.TestRunner@3aaf4f07]]>
              </value>
            </param>
          </params>
          <reporter-output>
          </reporter-output>
        </test-method> <!-- beforeMethod -->
        <test-method status="PASS" signature="getTemp(com.temp.test.City)[pri:0, instance:com.temp.test.TestsWeather@371a67ec]" name="getTemp" duration-ms="6552" started-at="2020-10-15T05:17:39 IST" data-provider="DataCity" depends-on-methods="com.temp.test.TestsWeather.unCheckCities" finished-at="2020-10-15T05:17:46 IST">
          <params>
            <param index="0">
              <value>
                <![CDATA[com.temp.test.City@14282158]]>
              </value>
            </param>
          </params>
          <reporter-output>
          </reporter-output>
        </test-method> <!-- getTemp -->
        <test-method status="PASS" signature="beforeMethod(org.testng.ITestContext)[pri:0, instance:com.temp.test.TestsWeather@371a67ec]" name="beforeMethod" is-config="true" duration-ms="0" started-at="2020-10-15T05:17:39 IST" finished-at="2020-10-15T05:17:39 IST">
          <params>
            <param index="0">
              <value>
                <![CDATA[org.testng.TestRunner@3aaf4f07]]>
              </value>
            </param>
          </params>
          <reporter-output>
          </reporter-output>
        </test-method> <!-- beforeMethod -->
        <test-method status="FAIL" signature="getTemp(com.temp.test.City)[pri:0, instance:com.temp.test.TestsWeather@371a67ec]" name="getTemp" duration-ms="7198" started-at="2020-10-15T05:17:39 IST" data-provider="DataCity" depends-on-methods="com.temp.test.TestsWeather.unCheckCities" finished-at="2020-10-15T05:17:46 IST">
          <params>
            <param index="0">
              <value>
                <![CDATA[com.temp.test.City@fcfcdb9]]>
              </value>
            </param>
          </params>
          <exception class="java.lang.AssertionError">
            <message>
              <![CDATA[For city Ganganagar: The Actual temp is 22.149994 and expected is 36.0 expected [36.0] but found [22.149994]]]>
            </message>
            <full-stacktrace>
              <![CDATA[java.lang.AssertionError: For city Ganganagar: The Actual temp is 22.149994 and expected is 36.0 expected [36.0] but found [22.149994]
at org.testng.Assert.fail(Assert.java:99)
at org.testng.Assert.failNotEquals(Assert.java:1037)
at org.testng.Assert.assertEquals(Assert.java:744)
at com.temp.test.TestsWeather.getTemp(TestsWeather.java:224)
at sun.reflect.GeneratedMethodAccessor46.invoke(Unknown Source)
at sun.reflect.DelegatingMethodAccessorImpl.invoke(DelegatingMethodAccessorImpl.java:43)
at java.lang.reflect.Method.invoke(Method.java:498)
at org.testng.internal.MethodInvocationHelper.invokeMethod(MethodInvocationHelper.java:132)
at org.testng.internal.TestInvoker.invokeMethod(TestInvoker.java:599)
at org.testng.internal.TestInvoker.invokeTestMethod(TestInvoker.java:174)
at org.testng.internal.TestMethodWithDataProviderMethodWorker.call(TestMethodWithDataProviderMethodWorker.java:77)
at org.testng.internal.TestMethodWithDataProviderMethodWorker.call(TestMethodWithDataProviderMethodWorker.java:15)
at java.util.concurrent.FutureTask.run(FutureTask.java:266)
at java.util.concurrent.Executors$RunnableAdapter.call(Executors.java:511)
at java.util.concurrent.FutureTask.run(FutureTask.java:266)
at java.util.concurrent.ThreadPoolExecutor.runWorker(ThreadPoolExecutor.java:1149)
at java.util.concurrent.ThreadPoolExecutor$Worker.run(ThreadPoolExecutor.java:624)
at java.lang.Thread.run(Thread.java:748)
]]>
            </full-stacktrace>
          </exception> <!-- java.lang.AssertionError -->
          <reporter-output>
          </reporter-output>
        </test-method> <!-- getTemp -->
        <test-method status="PASS" signature="beforeMethod(org.testng.ITestContext)[pri:0, instance:com.temp.test.TestsWeather@371a67ec]" name="beforeMethod" is-config="true" duration-ms="0" started-at="2020-10-15T05:17:39 IST" finished-at="2020-10-15T05:17:39 IST">
          <params>
            <param index="0">
              <value>
                <![CDATA[org.testng.TestRunner@3aaf4f07]]>
              </value>
            </param>
          </params>
          <reporter-output>
          </reporter-output>
        </test-method> <!-- beforeMethod -->
        <test-method status="PASS" signature="getTemp(com.temp.test.City)[pri:0, instance:com.temp.test.TestsWeather@371a67ec]" name="getTemp" duration-ms="7270" started-at="2020-10-15T05:17:39 IST" data-provider="DataCity" depends-on-methods="com.temp.test.TestsWeather.unCheckCities" finished-at="2020-10-15T05:17:47 IST">
          <params>
            <param index="0">
              <value>
                <![CDATA[com.temp.test.City@5c0a6d22]]>
              </value>
            </param>
          </params>
          <reporter-output>
          </reporter-output>
        </test-method> <!-- getTemp -->
        <test-method status="FAIL" signature="getTemp(com.temp.test.City)[pri:0, instance:com.temp.test.TestsWeather@371a67ec]" name="getTemp" duration-ms="7182" started-at="2020-10-15T05:17:39 IST" data-provider="DataCity" depends-on-methods="com.temp.test.TestsWeather.unCheckCities" finished-at="2020-10-15T05:17:46 IST">
          <params>
            <param index="0">
              <value>
                <![CDATA[com.temp.test.City@704615c9]]>
              </value>
            </param>
          </params>
          <exception class="java.lang.AssertionError">
            <message>
              <![CDATA[For city Gorakhpur: The Actual temp is 21.830017 and expected is 34.0 expected [34.0] but found [21.830017]]]>
            </message>
            <full-stacktrace>
              <![CDATA[java.lang.AssertionError: For city Gorakhpur: The Actual temp is 21.830017 and expected is 34.0 expected [34.0] but found [21.830017]
at org.testng.Assert.fail(Assert.java:99)
at org.testng.Assert.failNotEquals(Assert.java:1037)
at org.testng.Assert.assertEquals(Assert.java:744)
at com.temp.test.TestsWeather.getTemp(TestsWeather.java:224)
at sun.reflect.GeneratedMethodAccessor46.invoke(Unknown Source)
at sun.reflect.DelegatingMethodAccessorImpl.invoke(DelegatingMethodAccessorImpl.java:43)
at java.lang.reflect.Method.invoke(Method.java:498)
at org.testng.internal.MethodInvocationHelper.invokeMethod(MethodInvocationHelper.java:132)
at org.testng.internal.TestInvoker.invokeMethod(TestInvoker.java:599)
at org.testng.internal.TestInvoker.invokeTestMethod(TestInvoker.java:174)
at org.testng.internal.TestMethodWithDataProviderMethodWorker.call(TestMethodWithDataProviderMethodWorker.java:77)
at org.testng.internal.TestMethodWithDataProviderMethodWorker.call(TestMethodWithDataProviderMethodWorker.java:15)
at java.util.concurrent.FutureTask.run(FutureTask.java:266)
at java.util.concurrent.Executors$RunnableAdapter.call(Executors.java:511)
at java.util.concurrent.FutureTask.run(FutureTask.java:266)
at java.util.concurrent.ThreadPoolExecutor.runWorker(ThreadPoolExecutor.java:1149)
at java.util.concurrent.ThreadPoolExecutor$Worker.run(ThreadPoolExecutor.java:624)
at java.lang.Thread.run(Thread.java:748)
]]>
            </full-stacktrace>
          </exception> <!-- java.lang.AssertionError -->
          <reporter-output>
          </reporter-output>
        </test-method> <!-- getTemp -->
        <test-method status="PASS" signature="beforeMethod(org.testng.ITestContext)[pri:0, instance:com.temp.test.TestsWeather@371a67ec]" name="beforeMethod" is-config="true" duration-ms="0" started-at="2020-10-15T05:17:39 IST" finished-at="2020-10-15T05:17:39 IST">
          <params>
            <param index="0">
              <value>
                <![CDATA[org.testng.TestRunner@3aaf4f07]]>
              </value>
            </param>
          </params>
          <reporter-output>
          </reporter-output>
        </test-method> <!-- beforeMethod -->
        <test-method status="PASS" signature="beforeMethod(org.testng.ITestContext)[pri:0, instance:com.temp.test.TestsWeather@371a67ec]" name="beforeMethod" is-config="true" duration-ms="1" started-at="2020-10-15T05:17:39 IST" finished-at="2020-10-15T05:17:39 IST">
          <params>
            <param index="0">
              <value>
                <![CDATA[org.testng.TestRunner@3aaf4f07]]>
              </value>
            </param>
          </params>
          <reporter-output>
          </reporter-output>
        </test-method> <!-- beforeMethod -->
        <test-method status="PASS" signature="getTemp(com.temp.test.City)[pri:0, instance:com.temp.test.TestsWeather@371a67ec]" name="getTemp" duration-ms="7117" started-at="2020-10-15T05:17:39 IST" data-provider="DataCity" depends-on-methods="com.temp.test.TestsWeather.unCheckCities" finished-at="2020-10-15T05:17:46 IST">
          <params>
            <param index="0">
              <value>
                <![CDATA[com.temp.test.City@1c355f53]]>
              </value>
            </param>
          </params>
          <reporter-output>
          </reporter-output>
        </test-method> <!-- getTemp -->
        <test-method status="PASS" signature="beforeMethod(org.testng.ITestContext)[pri:0, instance:com.temp.test.TestsWeather@371a67ec]" name="beforeMethod" is-config="true" duration-ms="1" started-at="2020-10-15T05:17:40 IST" finished-at="2020-10-15T05:17:40 IST">
          <params>
            <param index="0">
              <value>
                <![CDATA[org.testng.TestRunner@3aaf4f07]]>
              </value>
            </param>
          </params>
          <reporter-output>
          </reporter-output>
        </test-method> <!-- beforeMethod -->
        <test-method status="PASS" signature="getTemp(com.temp.test.City)[pri:0, instance:com.temp.test.TestsWeather@371a67ec]" name="getTemp" duration-ms="6676" started-at="2020-10-15T05:17:40 IST" data-provider="DataCity" depends-on-methods="com.temp.test.TestsWeather.unCheckCities" finished-at="2020-10-15T05:17:47 IST">
          <params>
            <param index="0">
              <value>
                <![CDATA[com.temp.test.City@493a451b]]>
              </value>
            </param>
          </params>
          <reporter-output>
          </reporter-output>
        </test-method> <!-- getTemp -->
        <test-method status="PASS" signature="beforeMethod(org.testng.ITestContext)[pri:0, instance:com.temp.test.TestsWeather@371a67ec]" name="beforeMethod" is-config="true" duration-ms="1" started-at="2020-10-15T05:17:40 IST" finished-at="2020-10-15T05:17:40 IST">
          <params>
            <param index="0">
              <value>
                <![CDATA[org.testng.TestRunner@3aaf4f07]]>
              </value>
            </param>
          </params>
          <reporter-output>
          </reporter-output>
        </test-method> <!-- beforeMethod -->
        <test-method status="PASS" signature="getTemp(com.temp.test.City)[pri:0, instance:com.temp.test.TestsWeather@371a67ec]" name="getTemp" duration-ms="7520" started-at="2020-10-15T05:17:40 IST" data-provider="DataCity" depends-on-methods="com.temp.test.TestsWeather.unCheckCities" finished-at="2020-10-15T05:17:48 IST">
          <params>
            <param index="0">
              <value>
                <![CDATA[com.temp.test.City@7bbfb230]]>
              </value>
            </param>
          </params>
          <reporter-output>
          </reporter-output>
        </test-method> <!-- getTemp -->
        <test-method status="FAIL" signature="getTemp(com.temp.test.City)[pri:0, instance:com.temp.test.TestsWeather@371a67ec]" name="getTemp" duration-ms="7526" started-at="2020-10-15T05:17:40 IST" data-provider="DataCity" depends-on-methods="com.temp.test.TestsWeather.unCheckCities" finished-at="2020-10-15T05:17:48 IST">
          <params>
            <param index="0">
              <value>
                <![CDATA[com.temp.test.City@d4da5f9]]>
              </value>
            </param>
          </params>
          <exception class="java.lang.AssertionError">
            <message>
              <![CDATA[For city Hisar: The Actual temp is 22.869995 and expected is 35.0 expected [35.0] but found [22.869995]]]>
            </message>
            <full-stacktrace>
              <![CDATA[java.lang.AssertionError: For city Hisar: The Actual temp is 22.869995 and expected is 35.0 expected [35.0] but found [22.869995]
at org.testng.Assert.fail(Assert.java:99)
at org.testng.Assert.failNotEquals(Assert.java:1037)
at org.testng.Assert.assertEquals(Assert.java:744)
at com.temp.test.TestsWeather.getTemp(TestsWeather.java:224)
at sun.reflect.GeneratedMethodAccessor46.invoke(Unknown Source)
at sun.reflect.DelegatingMethodAccessorImpl.invoke(DelegatingMethodAccessorImpl.java:43)
at java.lang.reflect.Method.invoke(Method.java:498)
at org.testng.internal.MethodInvocationHelper.invokeMethod(MethodInvocationHelper.java:132)
at org.testng.internal.TestInvoker.invokeMethod(TestInvoker.java:599)
at org.testng.internal.TestInvoker.invokeTestMethod(TestInvoker.java:174)
at org.testng.internal.TestMethodWithDataProviderMethodWorker.call(TestMethodWithDataProviderMethodWorker.java:77)
at org.testng.internal.TestMethodWithDataProviderMethodWorker.call(TestMethodWithDataProviderMethodWorker.java:15)
at java.util.concurrent.FutureTask.run(FutureTask.java:266)
at java.util.concurrent.Executors$RunnableAdapter.call(Executors.java:511)
at java.util.concurrent.FutureTask.run(FutureTask.java:266)
at java.util.concurrent.ThreadPoolExecutor.runWorker(ThreadPoolExecutor.java:1149)
at java.util.concurrent.ThreadPoolExecutor$Worker.run(ThreadPoolExecutor.java:624)
at java.lang.Thread.run(Thread.java:748)
]]>
            </full-stacktrace>
          </exception> <!-- java.lang.AssertionError -->
          <reporter-output>
          </reporter-output>
        </test-method> <!-- getTemp -->
        <test-method status="PASS" signature="beforeMethod(org.testng.ITestContext)[pri:0, instance:com.temp.test.TestsWeather@371a67ec]" name="beforeMethod" is-config="true" duration-ms="0" started-at="2020-10-15T05:17:40 IST" finished-at="2020-10-15T05:17:40 IST">
          <params>
            <param index="0">
              <value>
                <![CDATA[org.testng.TestRunner@3aaf4f07]]>
              </value>
            </param>
          </params>
          <reporter-output>
          </reporter-output>
        </test-method> <!-- beforeMethod -->
        <test-method status="PASS" signature="beforeMethod(org.testng.ITestContext)[pri:0, instance:com.temp.test.TestsWeather@371a67ec]" name="beforeMethod" is-config="true" duration-ms="1" started-at="2020-10-15T05:17:46 IST" finished-at="2020-10-15T05:17:46 IST">
          <params>
            <param index="0">
              <value>
                <![CDATA[org.testng.TestRunner@3aaf4f07]]>
              </value>
            </param>
          </params>
          <reporter-output>
          </reporter-output>
        </test-method> <!-- beforeMethod -->
        <test-method status="PASS" signature="getTemp(com.temp.test.City)[pri:0, instance:com.temp.test.TestsWeather@371a67ec]" name="getTemp" duration-ms="7025" started-at="2020-10-15T05:17:46 IST" data-provider="DataCity" depends-on-methods="com.temp.test.TestsWeather.unCheckCities" finished-at="2020-10-15T05:17:53 IST">
          <params>
            <param index="0">
              <value>
                <![CDATA[com.temp.test.City@7f90a8d8]]>
              </value>
            </param>
          </params>
          <reporter-output>
          </reporter-output>
        </test-method> <!-- getTemp -->
        <test-method status="PASS" signature="beforeMethod(org.testng.ITestContext)[pri:0, instance:com.temp.test.TestsWeather@371a67ec]" name="beforeMethod" is-config="true" duration-ms="0" started-at="2020-10-15T05:17:46 IST" finished-at="2020-10-15T05:17:46 IST">
          <params>
            <param index="0">
              <value>
                <![CDATA[org.testng.TestRunner@3aaf4f07]]>
              </value>
            </param>
          </params>
          <reporter-output>
          </reporter-output>
        </test-method> <!-- beforeMethod -->
        <test-method status="PASS" signature="getTemp(com.temp.test.City)[pri:0, instance:com.temp.test.TestsWeather@371a67ec]" name="getTemp" duration-ms="6982" started-at="2020-10-15T05:17:46 IST" data-provider="DataCity" depends-on-methods="com.temp.test.TestsWeather.unCheckCities" finished-at="2020-10-15T05:17:53 IST">
          <params>
            <param index="0">
              <value>
                <![CDATA[com.temp.test.City@4e7bdab7]]>
              </value>
            </param>
          </params>
          <reporter-output>
          </reporter-output>
        </test-method> <!-- getTemp -->
        <test-method status="FAIL" signature="getTemp(com.temp.test.City)[pri:0, instance:com.temp.test.TestsWeather@371a67ec]" name="getTemp" duration-ms="7058" started-at="2020-10-15T05:17:46 IST" data-provider="DataCity" depends-on-methods="com.temp.test.TestsWeather.unCheckCities" finished-at="2020-10-15T05:17:53 IST">
          <params>
            <param index="0">
              <value>
                <![CDATA[com.temp.test.City@2947baa3]]>
              </value>
            </param>
          </params>
          <exception class="java.lang.AssertionError">
            <message>
              <![CDATA[For city Imphal: The Actual temp is 17.74002 and expected is 29.0 expected [29.0] but found [17.74002]]]>
            </message>
            <full-stacktrace>
              <![CDATA[java.lang.AssertionError: For city Imphal: The Actual temp is 17.74002 and expected is 29.0 expected [29.0] but found [17.74002]
at org.testng.Assert.fail(Assert.java:99)
at org.testng.Assert.failNotEquals(Assert.java:1037)
at org.testng.Assert.assertEquals(Assert.java:744)
at com.temp.test.TestsWeather.getTemp(TestsWeather.java:224)
at sun.reflect.GeneratedMethodAccessor46.invoke(Unknown Source)
at sun.reflect.DelegatingMethodAccessorImpl.invoke(DelegatingMethodAccessorImpl.java:43)
at java.lang.reflect.Method.invoke(Method.java:498)
at org.testng.internal.MethodInvocationHelper.invokeMethod(MethodInvocationHelper.java:132)
at org.testng.internal.TestInvoker.invokeMethod(TestInvoker.java:599)
at org.testng.internal.TestInvoker.invokeTestMethod(TestInvoker.java:174)
at org.testng.internal.TestMethodWithDataProviderMethodWorker.call(TestMethodWithDataProviderMethodWorker.java:77)
at org.testng.internal.TestMethodWithDataProviderMethodWorker.call(TestMethodWithDataProviderMethodWorker.java:15)
at java.util.concurrent.FutureTask.run(FutureTask.java:266)
at java.util.concurrent.Executors$RunnableAdapter.call(Executors.java:511)
at java.util.concurrent.FutureTask.run(FutureTask.java:266)
at java.util.concurrent.ThreadPoolExecutor.runWorker(ThreadPoolExecutor.java:1149)
at java.util.concurrent.ThreadPoolExecutor$Worker.run(ThreadPoolExecutor.java:624)
at java.lang.Thread.run(Thread.java:748)
]]>
            </full-stacktrace>
          </exception> <!-- java.lang.AssertionError -->
          <reporter-output>
          </reporter-output>
        </test-method> <!-- getTemp -->
        <test-method status="PASS" signature="beforeMethod(org.testng.ITestContext)[pri:0, instance:com.temp.test.TestsWeather@371a67ec]" name="beforeMethod" is-config="true" duration-ms="0" started-at="2020-10-15T05:17:46 IST" finished-at="2020-10-15T05:17:46 IST">
          <params>
            <param index="0">
              <value>
                <![CDATA[org.testng.TestRunner@3aaf4f07]]>
              </value>
            </param>
          </params>
          <reporter-output>
          </reporter-output>
        </test-method> <!-- beforeMethod -->
        <test-method status="PASS" signature="getTemp(com.temp.test.City)[pri:0, instance:com.temp.test.TestsWeather@371a67ec]" name="getTemp" duration-ms="6419" started-at="2020-10-15T05:17:46 IST" data-provider="DataCity" depends-on-methods="com.temp.test.TestsWeather.unCheckCities" finished-at="2020-10-15T05:17:53 IST">
          <params>
            <param index="0">
              <value>
                <![CDATA[com.temp.test.City@542160ff]]>
              </value>
            </param>
          </params>
          <reporter-output>
          </reporter-output>
        </test-method> <!-- getTemp -->
        <test-method status="PASS" signature="beforeMethod(org.testng.ITestContext)[pri:0, instance:com.temp.test.TestsWeather@371a67ec]" name="beforeMethod" is-config="true" duration-ms="0" started-at="2020-10-15T05:17:46 IST" finished-at="2020-10-15T05:17:46 IST">
          <params>
            <param index="0">
              <value>
                <![CDATA[org.testng.TestRunner@3aaf4f07]]>
              </value>
            </param>
          </params>
          <reporter-output>
          </reporter-output>
        </test-method> <!-- beforeMethod -->
        <test-method status="PASS" signature="beforeMethod(org.testng.ITestContext)[pri:0, instance:com.temp.test.TestsWeather@371a67ec]" name="beforeMethod" is-config="true" duration-ms="1" started-at="2020-10-15T05:17:46 IST" finished-at="2020-10-15T05:17:46 IST">
          <params>
            <param index="0">
              <value>
                <![CDATA[org.testng.TestRunner@3aaf4f07]]>
              </value>
            </param>
          </params>
          <reporter-output>
          </reporter-output>
        </test-method> <!-- beforeMethod -->
        <test-method status="PASS" signature="getTemp(com.temp.test.City)[pri:0, instance:com.temp.test.TestsWeather@371a67ec]" name="getTemp" duration-ms="6390" started-at="2020-10-15T05:17:46 IST" data-provider="DataCity" depends-on-methods="com.temp.test.TestsWeather.unCheckCities" finished-at="2020-10-15T05:17:53 IST">
          <params>
            <param index="0">
              <value>
                <![CDATA[com.temp.test.City@42cfd55d]]>
              </value>
            </param>
          </params>
          <reporter-output>
          </reporter-output>
        </test-method> <!-- getTemp -->
        <test-method status="PASS" signature="beforeMethod(org.testng.ITestContext)[pri:0, instance:com.temp.test.TestsWeather@371a67ec]" name="beforeMethod" is-config="true" duration-ms="1" started-at="2020-10-15T05:17:46 IST" finished-at="2020-10-15T05:17:46 IST">
          <params>
            <param index="0">
              <value>
                <![CDATA[org.testng.TestRunner@3aaf4f07]]>
              </value>
            </param>
          </params>
          <reporter-output>
          </reporter-output>
        </test-method> <!-- beforeMethod -->
        <test-method status="PASS" signature="getTemp(com.temp.test.City)[pri:0, instance:com.temp.test.TestsWeather@371a67ec]" name="getTemp" duration-ms="6471" started-at="2020-10-15T05:17:46 IST" data-provider="DataCity" depends-on-methods="com.temp.test.TestsWeather.unCheckCities" finished-at="2020-10-15T05:17:53 IST">
          <params>
            <param index="0">
              <value>
                <![CDATA[com.temp.test.City@12e505df]]>
              </value>
            </param>
          </params>
          <reporter-output>
          </reporter-output>
        </test-method> <!-- getTemp -->
        <test-method status="PASS" signature="beforeMethod(org.testng.ITestContext)[pri:0, instance:com.temp.test.TestsWeather@371a67ec]" name="beforeMethod" is-config="true" duration-ms="1" started-at="2020-10-15T05:17:47 IST" finished-at="2020-10-15T05:17:47 IST">
          <params>
            <param index="0">
              <value>
                <![CDATA[org.testng.TestRunner@3aaf4f07]]>
              </value>
            </param>
          </params>
          <reporter-output>
          </reporter-output>
        </test-method> <!-- beforeMethod -->
        <test-method status="FAIL" signature="getTemp(com.temp.test.City)[pri:0, instance:com.temp.test.TestsWeather@371a67ec]" name="getTemp" duration-ms="6462" started-at="2020-10-15T05:17:47 IST" data-provider="DataCity" depends-on-methods="com.temp.test.TestsWeather.unCheckCities" finished-at="2020-10-15T05:17:53 IST">
          <params>
            <param index="0">
              <value>
                <![CDATA[com.temp.test.City@56809717]]>
              </value>
            </param>
          </params>
          <exception class="java.lang.AssertionError">
            <message>
              <![CDATA[For city Jalandhar: The Actual temp is 20.070007 and expected is 34.0 expected [34.0] but found [20.070007]]]>
            </message>
            <full-stacktrace>
              <![CDATA[java.lang.AssertionError: For city Jalandhar: The Actual temp is 20.070007 and expected is 34.0 expected [34.0] but found [20.070007]
at org.testng.Assert.fail(Assert.java:99)
at org.testng.Assert.failNotEquals(Assert.java:1037)
at org.testng.Assert.assertEquals(Assert.java:744)
at com.temp.test.TestsWeather.getTemp(TestsWeather.java:224)
at sun.reflect.GeneratedMethodAccessor46.invoke(Unknown Source)
at sun.reflect.DelegatingMethodAccessorImpl.invoke(DelegatingMethodAccessorImpl.java:43)
at java.lang.reflect.Method.invoke(Method.java:498)
at org.testng.internal.MethodInvocationHelper.invokeMethod(MethodInvocationHelper.java:132)
at org.testng.internal.TestInvoker.invokeMethod(TestInvoker.java:599)
at org.testng.internal.TestInvoker.invokeTestMethod(TestInvoker.java:174)
at org.testng.internal.TestMethodWithDataProviderMethodWorker.call(TestMethodWithDataProviderMethodWorker.java:77)
at org.testng.internal.TestMethodWithDataProviderMethodWorker.call(TestMethodWithDataProviderMethodWorker.java:15)
at java.util.concurrent.FutureTask.run(FutureTask.java:266)
at java.util.concurrent.Executors$RunnableAdapter.call(Executors.java:511)
at java.util.concurrent.FutureTask.run(FutureTask.java:266)
at java.util.concurrent.ThreadPoolExecutor.runWorker(ThreadPoolExecutor.java:1149)
at java.util.concurrent.ThreadPoolExecutor$Worker.run(ThreadPoolExecutor.java:624)
at java.lang.Thread.run(Thread.java:748)
]]>
            </full-stacktrace>
          </exception> <!-- java.lang.AssertionError -->
          <reporter-output>
          </reporter-output>
        </test-method> <!-- getTemp -->
        <test-method status="PASS" signature="beforeMethod(org.testng.ITestContext)[pri:0, instance:com.temp.test.TestsWeather@371a67ec]" name="beforeMethod" is-config="true" duration-ms="0" started-at="2020-10-15T05:17:47 IST" finished-at="2020-10-15T05:17:47 IST">
          <params>
            <param index="0">
              <value>
                <![CDATA[org.testng.TestRunner@3aaf4f07]]>
              </value>
            </param>
          </params>
          <reporter-output>
          </reporter-output>
        </test-method> <!-- beforeMethod -->
        <test-method status="FAIL" signature="getTemp(com.temp.test.City)[pri:0, instance:com.temp.test.TestsWeather@371a67ec]" name="getTemp" duration-ms="7300" started-at="2020-10-15T05:17:47 IST" data-provider="DataCity" depends-on-methods="com.temp.test.TestsWeather.unCheckCities" finished-at="2020-10-15T05:17:54 IST">
          <params>
            <param index="0">
              <value>
                <![CDATA[com.temp.test.City@2c70ea4f]]>
              </value>
            </param>
          </params>
          <exception class="java.lang.AssertionError">
            <message>
              <![CDATA[For city Jammu: The Actual temp is 20.0 and expected is 34.0 expected [34.0] but found [20.0]]]>
            </message>
            <full-stacktrace>
              <![CDATA[java.lang.AssertionError: For city Jammu: The Actual temp is 20.0 and expected is 34.0 expected [34.0] but found [20.0]
at org.testng.Assert.fail(Assert.java:99)
at org.testng.Assert.failNotEquals(Assert.java:1037)
at org.testng.Assert.assertEquals(Assert.java:744)
at com.temp.test.TestsWeather.getTemp(TestsWeather.java:224)
at sun.reflect.GeneratedMethodAccessor46.invoke(Unknown Source)
at sun.reflect.DelegatingMethodAccessorImpl.invoke(DelegatingMethodAccessorImpl.java:43)
at java.lang.reflect.Method.invoke(Method.java:498)
at org.testng.internal.MethodInvocationHelper.invokeMethod(MethodInvocationHelper.java:132)
at org.testng.internal.TestInvoker.invokeMethod(TestInvoker.java:599)
at org.testng.internal.TestInvoker.invokeTestMethod(TestInvoker.java:174)
at org.testng.internal.TestMethodWithDataProviderMethodWorker.call(TestMethodWithDataProviderMethodWorker.java:77)
at org.testng.internal.TestMethodWithDataProviderMethodWorker.call(TestMethodWithDataProviderMethodWorker.java:15)
at java.util.concurrent.FutureTask.run(FutureTask.java:266)
at java.util.concurrent.Executors$RunnableAdapter.call(Executors.java:511)
at java.util.concurrent.FutureTask.run(FutureTask.java:266)
at java.util.concurrent.ThreadPoolExecutor.runWorker(ThreadPoolExecutor.java:1149)
at java.util.concurrent.ThreadPoolExecutor$Worker.run(ThreadPoolExecutor.java:624)
at java.lang.Thread.run(Thread.java:748)
]]>
            </full-stacktrace>
          </exception> <!-- java.lang.AssertionError -->
          <reporter-output>
          </reporter-output>
        </test-method> <!-- getTemp -->
        <test-method status="PASS" signature="beforeMethod(org.testng.ITestContext)[pri:0, instance:com.temp.test.TestsWeather@371a67ec]" name="beforeMethod" is-config="true" duration-ms="1" started-at="2020-10-15T05:17:48 IST" finished-at="2020-10-15T05:17:48 IST">
          <params>
            <param index="0">
              <value>
                <![CDATA[org.testng.TestRunner@3aaf4f07]]>
              </value>
            </param>
          </params>
          <reporter-output>
          </reporter-output>
        </test-method> <!-- beforeMethod -->
        <test-method status="PASS" signature="getTemp(com.temp.test.City)[pri:0, instance:com.temp.test.TestsWeather@371a67ec]" name="getTemp" duration-ms="7056" started-at="2020-10-15T05:17:48 IST" data-provider="DataCity" depends-on-methods="com.temp.test.TestsWeather.unCheckCities" finished-at="2020-10-15T05:17:55 IST">
          <params>
            <param index="0">
              <value>
                <![CDATA[com.temp.test.City@6635c29b]]>
              </value>
            </param>
          </params>
          <reporter-output>
          </reporter-output>
        </test-method> <!-- getTemp -->
        <test-method status="PASS" signature="beforeMethod(org.testng.ITestContext)[pri:0, instance:com.temp.test.TestsWeather@371a67ec]" name="beforeMethod" is-config="true" duration-ms="1" started-at="2020-10-15T05:17:48 IST" finished-at="2020-10-15T05:17:48 IST">
          <params>
            <param index="0">
              <value>
                <![CDATA[org.testng.TestRunner@3aaf4f07]]>
              </value>
            </param>
          </params>
          <reporter-output>
          </reporter-output>
        </test-method> <!-- beforeMethod -->
        <test-method status="PASS" signature="getTemp(com.temp.test.City)[pri:0, instance:com.temp.test.TestsWeather@371a67ec]" name="getTemp" duration-ms="10496" started-at="2020-10-15T05:17:48 IST" data-provider="DataCity" depends-on-methods="com.temp.test.TestsWeather.unCheckCities" finished-at="2020-10-15T05:17:59 IST">
          <params>
            <param index="0">
              <value>
                <![CDATA[com.temp.test.City@28dd9748]]>
              </value>
            </param>
          </params>
          <reporter-output>
          </reporter-output>
        </test-method> <!-- getTemp -->
        <test-method status="PASS" signature="beforeMethod(org.testng.ITestContext)[pri:0, instance:com.temp.test.TestsWeather@371a67ec]" name="beforeMethod" is-config="true" duration-ms="0" started-at="2020-10-15T05:17:53 IST" finished-at="2020-10-15T05:17:53 IST">
          <params>
            <param index="0">
              <value>
                <![CDATA[org.testng.TestRunner@3aaf4f07]]>
              </value>
            </param>
          </params>
          <reporter-output>
          </reporter-output>
        </test-method> <!-- beforeMethod -->
        <test-method status="PASS" signature="getTemp(com.temp.test.City)[pri:0, instance:com.temp.test.TestsWeather@371a67ec]" name="getTemp" duration-ms="6329" started-at="2020-10-15T05:17:53 IST" data-provider="DataCity" depends-on-methods="com.temp.test.TestsWeather.unCheckCities" finished-at="2020-10-15T05:17:59 IST">
          <params>
            <param index="0">
              <value>
                <![CDATA[com.temp.test.City@2a68557d]]>
              </value>
            </param>
          </params>
          <reporter-output>
          </reporter-output>
        </test-method> <!-- getTemp -->
        <test-method status="PASS" signature="beforeMethod(org.testng.ITestContext)[pri:0, instance:com.temp.test.TestsWeather@371a67ec]" name="beforeMethod" is-config="true" duration-ms="1" started-at="2020-10-15T05:17:53 IST" finished-at="2020-10-15T05:17:53 IST">
          <params>
            <param index="0">
              <value>
                <![CDATA[org.testng.TestRunner@3aaf4f07]]>
              </value>
            </param>
          </params>
          <reporter-output>
          </reporter-output>
        </test-method> <!-- beforeMethod -->
        <test-method status="FAIL" signature="getTemp(com.temp.test.City)[pri:0, instance:com.temp.test.TestsWeather@371a67ec]" name="getTemp" duration-ms="6355" started-at="2020-10-15T05:17:53 IST" data-provider="DataCity" depends-on-methods="com.temp.test.TestsWeather.unCheckCities" finished-at="2020-10-15T05:17:59 IST">
          <params>
            <param index="0">
              <value>
                <![CDATA[com.temp.test.City@283ffa91]]>
              </value>
            </param>
          </params>
          <exception class="java.lang.AssertionError">
            <message>
              <![CDATA[For city Jodhpur: The Actual temp is 25.720001 and expected is 36.0 expected [36.0] but found [25.720001]]]>
            </message>
            <full-stacktrace>
              <![CDATA[java.lang.AssertionError: For city Jodhpur: The Actual temp is 25.720001 and expected is 36.0 expected [36.0] but found [25.720001]
at org.testng.Assert.fail(Assert.java:99)
at org.testng.Assert.failNotEquals(Assert.java:1037)
at org.testng.Assert.assertEquals(Assert.java:744)
at com.temp.test.TestsWeather.getTemp(TestsWeather.java:224)
at sun.reflect.GeneratedMethodAccessor46.invoke(Unknown Source)
at sun.reflect.DelegatingMethodAccessorImpl.invoke(DelegatingMethodAccessorImpl.java:43)
at java.lang.reflect.Method.invoke(Method.java:498)
at org.testng.internal.MethodInvocationHelper.invokeMethod(MethodInvocationHelper.java:132)
at org.testng.internal.TestInvoker.invokeMethod(TestInvoker.java:599)
at org.testng.internal.TestInvoker.invokeTestMethod(TestInvoker.java:174)
at org.testng.internal.TestMethodWithDataProviderMethodWorker.call(TestMethodWithDataProviderMethodWorker.java:77)
at org.testng.internal.TestMethodWithDataProviderMethodWorker.call(TestMethodWithDataProviderMethodWorker.java:15)
at java.util.concurrent.FutureTask.run(FutureTask.java:266)
at java.util.concurrent.Executors$RunnableAdapter.call(Executors.java:511)
at java.util.concurrent.FutureTask.run(FutureTask.java:266)
at java.util.concurrent.ThreadPoolExecutor.runWorker(ThreadPoolExecutor.java:1149)
at java.util.concurrent.ThreadPoolExecutor$Worker.run(ThreadPoolExecutor.java:624)
at java.lang.Thread.run(Thread.java:748)
]]>
            </full-stacktrace>
          </exception> <!-- java.lang.AssertionError -->
          <reporter-output>
          </reporter-output>
        </test-method> <!-- getTemp -->
        <test-method status="PASS" signature="beforeMethod(org.testng.ITestContext)[pri:0, instance:com.temp.test.TestsWeather@371a67ec]" name="beforeMethod" is-config="true" duration-ms="1" started-at="2020-10-15T05:17:53 IST" finished-at="2020-10-15T05:17:53 IST">
          <params>
            <param index="0">
              <value>
                <![CDATA[org.testng.TestRunner@3aaf4f07]]>
              </value>
            </param>
          </params>
          <reporter-output>
          </reporter-output>
        </test-method> <!-- beforeMethod -->
        <test-method status="PASS" signature="getTemp(com.temp.test.City)[pri:0, instance:com.temp.test.TestsWeather@371a67ec]" name="getTemp" duration-ms="6363" started-at="2020-10-15T05:17:53 IST" data-provider="DataCity" depends-on-methods="com.temp.test.TestsWeather.unCheckCities" finished-at="2020-10-15T05:17:59 IST">
          <params>
            <param index="0">
              <value>
                <![CDATA[com.temp.test.City@402fca48]]>
              </value>
            </param>
          </params>
          <reporter-output>
          </reporter-output>
        </test-method> <!-- getTemp -->
        <test-method status="FAIL" signature="getTemp(com.temp.test.City)[pri:0, instance:com.temp.test.TestsWeather@371a67ec]" name="getTemp" duration-ms="6368" started-at="2020-10-15T05:17:53 IST" data-provider="DataCity" depends-on-methods="com.temp.test.TestsWeather.unCheckCities" finished-at="2020-10-15T05:17:59 IST">
          <params>
            <param index="0">
              <value>
                <![CDATA[com.temp.test.City@4b6ecd02]]>
              </value>
            </param>
          </params>
          <exception class="java.lang.AssertionError">
            <message>
              <![CDATA[For city Karnal: The Actual temp is 20.700012 and expected is 33.0 expected [33.0] but found [20.700012]]]>
            </message>
            <full-stacktrace>
              <![CDATA[java.lang.AssertionError: For city Karnal: The Actual temp is 20.700012 and expected is 33.0 expected [33.0] but found [20.700012]
at org.testng.Assert.fail(Assert.java:99)
at org.testng.Assert.failNotEquals(Assert.java:1037)
at org.testng.Assert.assertEquals(Assert.java:744)
at com.temp.test.TestsWeather.getTemp(TestsWeather.java:224)
at sun.reflect.GeneratedMethodAccessor46.invoke(Unknown Source)
at sun.reflect.DelegatingMethodAccessorImpl.invoke(DelegatingMethodAccessorImpl.java:43)
at java.lang.reflect.Method.invoke(Method.java:498)
at org.testng.internal.MethodInvocationHelper.invokeMethod(MethodInvocationHelper.java:132)
at org.testng.internal.TestInvoker.invokeMethod(TestInvoker.java:599)
at org.testng.internal.TestInvoker.invokeTestMethod(TestInvoker.java:174)
at org.testng.internal.TestMethodWithDataProviderMethodWorker.call(TestMethodWithDataProviderMethodWorker.java:77)
at org.testng.internal.TestMethodWithDataProviderMethodWorker.call(TestMethodWithDataProviderMethodWorker.java:15)
at java.util.concurrent.FutureTask.run(FutureTask.java:266)
at java.util.concurrent.Executors$RunnableAdapter.call(Executors.java:511)
at java.util.concurrent.FutureTask.run(FutureTask.java:266)
at java.util.concurrent.ThreadPoolExecutor.runWorker(ThreadPoolExecutor.java:1149)
at java.util.concurrent.ThreadPoolExecutor$Worker.run(ThreadPoolExecutor.java:624)
at java.lang.Thread.run(Thread.java:748)
]]>
            </full-stacktrace>
          </exception> <!-- java.lang.AssertionError -->
          <reporter-output>
          </reporter-output>
        </test-method> <!-- getTemp -->
        <test-method status="PASS" signature="beforeMethod(org.testng.ITestContext)[pri:0, instance:com.temp.test.TestsWeather@371a67ec]" name="beforeMethod" is-config="true" duration-ms="0" started-at="2020-10-15T05:17:53 IST" finished-at="2020-10-15T05:17:53 IST">
          <params>
            <param index="0">
              <value>
                <![CDATA[org.testng.TestRunner@3aaf4f07]]>
              </value>
            </param>
          </params>
          <reporter-output>
          </reporter-output>
        </test-method> <!-- beforeMethod -->
        <test-method status="PASS" signature="beforeMethod(org.testng.ITestContext)[pri:0, instance:com.temp.test.TestsWeather@371a67ec]" name="beforeMethod" is-config="true" duration-ms="0" started-at="2020-10-15T05:17:53 IST" finished-at="2020-10-15T05:17:53 IST">
          <params>
            <param index="0">
              <value>
                <![CDATA[org.testng.TestRunner@3aaf4f07]]>
              </value>
            </param>
          </params>
          <reporter-output>
          </reporter-output>
        </test-method> <!-- beforeMethod -->
        <test-method status="PASS" signature="getTemp(com.temp.test.City)[pri:0, instance:com.temp.test.TestsWeather@371a67ec]" name="getTemp" duration-ms="6294" started-at="2020-10-15T05:17:53 IST" data-provider="DataCity" depends-on-methods="com.temp.test.TestsWeather.unCheckCities" finished-at="2020-10-15T05:17:59 IST">
          <params>
            <param index="0">
              <value>
                <![CDATA[com.temp.test.City@76d18f0a]]>
              </value>
            </param>
          </params>
          <reporter-output>
          </reporter-output>
        </test-method> <!-- getTemp -->
        <test-method status="PASS" signature="beforeMethod(org.testng.ITestContext)[pri:0, instance:com.temp.test.TestsWeather@371a67ec]" name="beforeMethod" is-config="true" duration-ms="0" started-at="2020-10-15T05:17:53 IST" finished-at="2020-10-15T05:17:53 IST">
          <params>
            <param index="0">
              <value>
                <![CDATA[org.testng.TestRunner@3aaf4f07]]>
              </value>
            </param>
          </params>
          <reporter-output>
          </reporter-output>
        </test-method> <!-- beforeMethod -->
        <test-method status="PASS" signature="getTemp(com.temp.test.City)[pri:0, instance:com.temp.test.TestsWeather@371a67ec]" name="getTemp" duration-ms="6342" started-at="2020-10-15T05:17:53 IST" data-provider="DataCity" depends-on-methods="com.temp.test.TestsWeather.unCheckCities" finished-at="2020-10-15T05:17:59 IST">
          <params>
            <param index="0">
              <value>
                <![CDATA[com.temp.test.City@60fe5828]]>
              </value>
            </param>
          </params>
          <reporter-output>
          </reporter-output>
        </test-method> <!-- getTemp -->
        <test-method status="PASS" signature="beforeMethod(org.testng.ITestContext)[pri:0, instance:com.temp.test.TestsWeather@371a67ec]" name="beforeMethod" is-config="true" duration-ms="1" started-at="2020-10-15T05:17:53 IST" finished-at="2020-10-15T05:17:53 IST">
          <params>
            <param index="0">
              <value>
                <![CDATA[org.testng.TestRunner@3aaf4f07]]>
              </value>
            </param>
          </params>
          <reporter-output>
          </reporter-output>
        </test-method> <!-- beforeMethod -->
        <test-method status="PASS" signature="getTemp(com.temp.test.City)[pri:0, instance:com.temp.test.TestsWeather@371a67ec]" name="getTemp" duration-ms="7154" started-at="2020-10-15T05:17:53 IST" data-provider="DataCity" depends-on-methods="com.temp.test.TestsWeather.unCheckCities" finished-at="2020-10-15T05:18:00 IST">
          <params>
            <param index="0">
              <value>
                <![CDATA[com.temp.test.City@4ca5aeb0]]>
              </value>
            </param>
          </params>
          <reporter-output>
          </reporter-output>
        </test-method> <!-- getTemp -->
        <test-method status="PASS" signature="beforeMethod(org.testng.ITestContext)[pri:0, instance:com.temp.test.TestsWeather@371a67ec]" name="beforeMethod" is-config="true" duration-ms="0" started-at="2020-10-15T05:17:54 IST" finished-at="2020-10-15T05:17:54 IST">
          <params>
            <param index="0">
              <value>
                <![CDATA[org.testng.TestRunner@3aaf4f07]]>
              </value>
            </param>
          </params>
          <reporter-output>
          </reporter-output>
        </test-method> <!-- beforeMethod -->
        <test-method status="PASS" signature="getTemp(com.temp.test.City)[pri:0, instance:com.temp.test.TestsWeather@371a67ec]" name="getTemp" duration-ms="6996" started-at="2020-10-15T05:17:54 IST" data-provider="DataCity" depends-on-methods="com.temp.test.TestsWeather.unCheckCities" finished-at="2020-10-15T05:18:01 IST">
          <params>
            <param index="0">
              <value>
                <![CDATA[com.temp.test.City@33802194]]>
              </value>
            </param>
          </params>
          <reporter-output>
          </reporter-output>
        </test-method> <!-- getTemp -->
        <test-method status="PASS" signature="beforeMethod(org.testng.ITestContext)[pri:0, instance:com.temp.test.TestsWeather@371a67ec]" name="beforeMethod" is-config="true" duration-ms="0" started-at="2020-10-15T05:17:55 IST" finished-at="2020-10-15T05:17:55 IST">
          <params>
            <param index="0">
              <value>
                <![CDATA[org.testng.TestRunner@3aaf4f07]]>
              </value>
            </param>
          </params>
          <reporter-output>
          </reporter-output>
        </test-method> <!-- beforeMethod -->
        <test-method status="PASS" signature="getTemp(com.temp.test.City)[pri:0, instance:com.temp.test.TestsWeather@371a67ec]" name="getTemp" duration-ms="7138" started-at="2020-10-15T05:17:55 IST" data-provider="DataCity" depends-on-methods="com.temp.test.TestsWeather.unCheckCities" finished-at="2020-10-15T05:18:02 IST">
          <params>
            <param index="0">
              <value>
                <![CDATA[com.temp.test.City@2c41ae11]]>
              </value>
            </param>
          </params>
          <reporter-output>
          </reporter-output>
        </test-method> <!-- getTemp -->
        <test-method status="FAIL" signature="getTemp(com.temp.test.City)[pri:0, instance:com.temp.test.TestsWeather@371a67ec]" name="getTemp" duration-ms="6463" started-at="2020-10-15T05:17:59 IST" data-provider="DataCity" depends-on-methods="com.temp.test.TestsWeather.unCheckCities" finished-at="2020-10-15T05:18:05 IST">
          <params>
            <param index="0">
              <value>
                <![CDATA[com.temp.test.City@41823338]]>
              </value>
            </param>
          </params>
          <exception class="java.lang.AssertionError">
            <message>
              <![CDATA[For city Ludhiana: The Actual temp is 20.200012 and expected is 34.0 expected [34.0] but found [20.200012]]]>
            </message>
            <full-stacktrace>
              <![CDATA[java.lang.AssertionError: For city Ludhiana: The Actual temp is 20.200012 and expected is 34.0 expected [34.0] but found [20.200012]
at org.testng.Assert.fail(Assert.java:99)
at org.testng.Assert.failNotEquals(Assert.java:1037)
at org.testng.Assert.assertEquals(Assert.java:744)
at com.temp.test.TestsWeather.getTemp(TestsWeather.java:224)
at sun.reflect.GeneratedMethodAccessor46.invoke(Unknown Source)
at sun.reflect.DelegatingMethodAccessorImpl.invoke(DelegatingMethodAccessorImpl.java:43)
at java.lang.reflect.Method.invoke(Method.java:498)
at org.testng.internal.MethodInvocationHelper.invokeMethod(MethodInvocationHelper.java:132)
at org.testng.internal.TestInvoker.invokeMethod(TestInvoker.java:599)
at org.testng.internal.TestInvoker.invokeTestMethod(TestInvoker.java:174)
at org.testng.internal.TestMethodWithDataProviderMethodWorker.call(TestMethodWithDataProviderMethodWorker.java:77)
at org.testng.internal.TestMethodWithDataProviderMethodWorker.call(TestMethodWithDataProviderMethodWorker.java:15)
at java.util.concurrent.FutureTask.run(FutureTask.java:266)
at java.util.concurrent.Executors$RunnableAdapter.call(Executors.java:511)
at java.util.concurrent.FutureTask.run(FutureTask.java:266)
at java.util.concurrent.ThreadPoolExecutor.runWorker(ThreadPoolExecutor.java:1149)
at java.util.concurrent.ThreadPoolExecutor$Worker.run(ThreadPoolExecutor.java:624)
at java.lang.Thread.run(Thread.java:748)
]]>
            </full-stacktrace>
          </exception> <!-- java.lang.AssertionError -->
          <reporter-output>
          </reporter-output>
        </test-method> <!-- getTemp -->
        <test-method status="PASS" signature="beforeMethod(org.testng.ITestContext)[pri:0, instance:com.temp.test.TestsWeather@371a67ec]" name="beforeMethod" is-config="true" duration-ms="0" started-at="2020-10-15T05:17:59 IST" finished-at="2020-10-15T05:17:59 IST">
          <params>
            <param index="0">
              <value>
                <![CDATA[org.testng.TestRunner@3aaf4f07]]>
              </value>
            </param>
          </params>
          <reporter-output>
          </reporter-output>
        </test-method> <!-- beforeMethod -->
        <test-method status="PASS" signature="beforeMethod(org.testng.ITestContext)[pri:0, instance:com.temp.test.TestsWeather@371a67ec]" name="beforeMethod" is-config="true" duration-ms="0" started-at="2020-10-15T05:17:59 IST" finished-at="2020-10-15T05:17:59 IST">
          <params>
            <param index="0">
              <value>
                <![CDATA[org.testng.TestRunner@3aaf4f07]]>
              </value>
            </param>
          </params>
          <reporter-output>
          </reporter-output>
        </test-method> <!-- beforeMethod -->
        <test-method status="FAIL" signature="getTemp(com.temp.test.City)[pri:0, instance:com.temp.test.TestsWeather@371a67ec]" name="getTemp" duration-ms="1847" started-at="2020-10-15T05:17:59 IST" data-provider="DataCity" depends-on-methods="com.temp.test.TestsWeather.unCheckCities" finished-at="2020-10-15T05:18:01 IST">
          <params>
            <param index="0">
              <value>
                <![CDATA[com.temp.test.City@5d187042]]>
              </value>
            </param>
          </params>
          <exception class="java.lang.NumberFormatException">
            <message>
              <![CDATA[For input string: ""]]>
            </message>
            <full-stacktrace>
              <![CDATA[java.lang.NumberFormatException: For input string: ""
at java.lang.NumberFormatException.forInputString(NumberFormatException.java:65)
at java.lang.Integer.parseInt(Integer.java:592)
at java.lang.Integer.valueOf(Integer.java:766)
at com.temp.test.TestsWeather.getTemp(TestsWeather.java:183)
at sun.reflect.GeneratedMethodAccessor46.invoke(Unknown Source)
at sun.reflect.DelegatingMethodAccessorImpl.invoke(DelegatingMethodAccessorImpl.java:43)
at java.lang.reflect.Method.invoke(Method.java:498)
at org.testng.internal.MethodInvocationHelper.invokeMethod(MethodInvocationHelper.java:132)
at org.testng.internal.TestInvoker.invokeMethod(TestInvoker.java:599)
at org.testng.internal.TestInvoker.invokeTestMethod(TestInvoker.java:174)
at org.testng.internal.TestMethodWithDataProviderMethodWorker.call(TestMethodWithDataProviderMethodWorker.java:77)
at org.testng.internal.TestMethodWithDataProviderMethodWorker.call(TestMethodWithDataProviderMethodWorker.java:15)
at java.util.concurrent.FutureTask.run(FutureTask.java:266)
at java.util.concurrent.Executors$RunnableAdapter.call(Executors.java:511)
at java.util.concurrent.FutureTask.run(FutureTask.java:266)
at java.util.concurrent.ThreadPoolExecutor.runWorker(ThreadPoolExecutor.java:1149)
at java.util.concurrent.ThreadPoolExecutor$Worker.run(ThreadPoolExecutor.java:624)
at java.lang.Thread.run(Thread.java:748)
]]>
            </full-stacktrace>
          </exception> <!-- java.lang.NumberFormatException -->
          <reporter-output>
          </reporter-output>
        </test-method> <!-- getTemp -->
        <test-method status="PASS" signature="getTemp(com.temp.test.City)[pri:0, instance:com.temp.test.TestsWeather@371a67ec]" name="getTemp" duration-ms="5920" started-at="2020-10-15T05:17:59 IST" data-provider="DataCity" depends-on-methods="com.temp.test.TestsWeather.unCheckCities" finished-at="2020-10-15T05:18:05 IST">
          <params>
            <param index="0">
              <value>
                <![CDATA[com.temp.test.City@4711cae6]]>
              </value>
            </param>
          </params>
          <reporter-output>
          </reporter-output>
        </test-method> <!-- getTemp -->
        <test-method status="PASS" signature="beforeMethod(org.testng.ITestContext)[pri:0, instance:com.temp.test.TestsWeather@371a67ec]" name="beforeMethod" is-config="true" duration-ms="0" started-at="2020-10-15T05:17:59 IST" finished-at="2020-10-15T05:17:59 IST">
          <params>
            <param index="0">
              <value>
                <![CDATA[org.testng.TestRunner@3aaf4f07]]>
              </value>
            </param>
          </params>
          <reporter-output>
          </reporter-output>
        </test-method> <!-- beforeMethod -->
        <test-method status="PASS" signature="beforeMethod(org.testng.ITestContext)[pri:0, instance:com.temp.test.TestsWeather@371a67ec]" name="beforeMethod" is-config="true" duration-ms="1" started-at="2020-10-15T05:17:59 IST" finished-at="2020-10-15T05:17:59 IST">
          <params>
            <param index="0">
              <value>
                <![CDATA[org.testng.TestRunner@3aaf4f07]]>
              </value>
            </param>
          </params>
          <reporter-output>
          </reporter-output>
        </test-method> <!-- beforeMethod -->
        <test-method status="PASS" signature="getTemp(com.temp.test.City)[pri:0, instance:com.temp.test.TestsWeather@371a67ec]" name="getTemp" duration-ms="5818" started-at="2020-10-15T05:17:59 IST" data-provider="DataCity" depends-on-methods="com.temp.test.TestsWeather.unCheckCities" finished-at="2020-10-15T05:18:05 IST">
          <params>
            <param index="0">
              <value>
                <![CDATA[com.temp.test.City@2b10acd]]>
              </value>
            </param>
          </params>
          <reporter-output>
          </reporter-output>
        </test-method> <!-- getTemp -->
        <test-method status="PASS" signature="beforeMethod(org.testng.ITestContext)[pri:0, instance:com.temp.test.TestsWeather@371a67ec]" name="beforeMethod" is-config="true" duration-ms="0" started-at="2020-10-15T05:17:59 IST" finished-at="2020-10-15T05:17:59 IST">
          <params>
            <param index="0">
              <value>
                <![CDATA[org.testng.TestRunner@3aaf4f07]]>
              </value>
            </param>
          </params>
          <reporter-output>
          </reporter-output>
        </test-method> <!-- beforeMethod -->
        <test-method status="FAIL" signature="getTemp(com.temp.test.City)[pri:0, instance:com.temp.test.TestsWeather@371a67ec]" name="getTemp" duration-ms="5819" started-at="2020-10-15T05:17:59 IST" data-provider="DataCity" depends-on-methods="com.temp.test.TestsWeather.unCheckCities" finished-at="2020-10-15T05:18:05 IST">
          <params>
            <param index="0">
              <value>
                <![CDATA[com.temp.test.City@20fa1bb3]]>
              </value>
            </param>
          </params>
          <exception class="java.lang.AssertionError">
            <message>
              <![CDATA[For city Moradabad: The Actual temp is 21.399994 and expected is 32.0 expected [32.0] but found [21.399994]]]>
            </message>
            <full-stacktrace>
              <![CDATA[java.lang.AssertionError: For city Moradabad: The Actual temp is 21.399994 and expected is 32.0 expected [32.0] but found [21.399994]
at org.testng.Assert.fail(Assert.java:99)
at org.testng.Assert.failNotEquals(Assert.java:1037)
at org.testng.Assert.assertEquals(Assert.java:744)
at com.temp.test.TestsWeather.getTemp(TestsWeather.java:224)
at sun.reflect.GeneratedMethodAccessor46.invoke(Unknown Source)
at sun.reflect.DelegatingMethodAccessorImpl.invoke(DelegatingMethodAccessorImpl.java:43)
at java.lang.reflect.Method.invoke(Method.java:498)
at org.testng.internal.MethodInvocationHelper.invokeMethod(MethodInvocationHelper.java:132)
at org.testng.internal.TestInvoker.invokeMethod(TestInvoker.java:599)
at org.testng.internal.TestInvoker.invokeTestMethod(TestInvoker.java:174)
at org.testng.internal.TestMethodWithDataProviderMethodWorker.call(TestMethodWithDataProviderMethodWorker.java:77)
at org.testng.internal.TestMethodWithDataProviderMethodWorker.call(TestMethodWithDataProviderMethodWorker.java:15)
at java.util.concurrent.FutureTask.run(FutureTask.java:266)
at java.util.concurrent.Executors$RunnableAdapter.call(Executors.java:511)
at java.util.concurrent.FutureTask.run(FutureTask.java:266)
at java.util.concurrent.ThreadPoolExecutor.runWorker(ThreadPoolExecutor.java:1149)
at java.util.concurrent.ThreadPoolExecutor$Worker.run(ThreadPoolExecutor.java:624)
at java.lang.Thread.run(Thread.java:748)
]]>
            </full-stacktrace>
          </exception> <!-- java.lang.AssertionError -->
          <reporter-output>
          </reporter-output>
        </test-method> <!-- getTemp -->
        <test-method status="PASS" signature="beforeMethod(org.testng.ITestContext)[pri:0, instance:com.temp.test.TestsWeather@371a67ec]" name="beforeMethod" is-config="true" duration-ms="1" started-at="2020-10-15T05:17:59 IST" finished-at="2020-10-15T05:17:59 IST">
          <params>
            <param index="0">
              <value>
                <![CDATA[org.testng.TestRunner@3aaf4f07]]>
              </value>
            </param>
          </params>
          <reporter-output>
          </reporter-output>
        </test-method> <!-- beforeMethod -->
        <test-method status="PASS" signature="getTemp(com.temp.test.City)[pri:0, instance:com.temp.test.TestsWeather@371a67ec]" name="getTemp" duration-ms="5906" started-at="2020-10-15T05:17:59 IST" data-provider="DataCity" depends-on-methods="com.temp.test.TestsWeather.unCheckCities" finished-at="2020-10-15T05:18:05 IST">
          <params>
            <param index="0">
              <value>
                <![CDATA[com.temp.test.City@4ada5b70]]>
              </value>
            </param>
          </params>
          <reporter-output>
          </reporter-output>
        </test-method> <!-- getTemp -->
        <test-method status="FAIL" signature="getTemp(com.temp.test.City)[pri:0, instance:com.temp.test.TestsWeather@371a67ec]" name="getTemp" duration-ms="6583" started-at="2020-10-15T05:17:59 IST" data-provider="DataCity" depends-on-methods="com.temp.test.TestsWeather.unCheckCities" finished-at="2020-10-15T05:18:06 IST">
          <params>
            <param index="0">
              <value>
                <![CDATA[com.temp.test.City@63a1797a]]>
              </value>
            </param>
          </params>
          <exception class="java.lang.AssertionError">
            <message>
              <![CDATA[For city Muzaffarnagar: The Actual temp is 21.0 and expected is 33.0 expected [33.0] but found [21.0]]]>
            </message>
            <full-stacktrace>
              <![CDATA[java.lang.AssertionError: For city Muzaffarnagar: The Actual temp is 21.0 and expected is 33.0 expected [33.0] but found [21.0]
at org.testng.Assert.fail(Assert.java:99)
at org.testng.Assert.failNotEquals(Assert.java:1037)
at org.testng.Assert.assertEquals(Assert.java:744)
at com.temp.test.TestsWeather.getTemp(TestsWeather.java:224)
at sun.reflect.GeneratedMethodAccessor46.invoke(Unknown Source)
at sun.reflect.DelegatingMethodAccessorImpl.invoke(DelegatingMethodAccessorImpl.java:43)
at java.lang.reflect.Method.invoke(Method.java:498)
at org.testng.internal.MethodInvocationHelper.invokeMethod(MethodInvocationHelper.java:132)
at org.testng.internal.TestInvoker.invokeMethod(TestInvoker.java:599)
at org.testng.internal.TestInvoker.invokeTestMethod(TestInvoker.java:174)
at org.testng.internal.TestMethodWithDataProviderMethodWorker.call(TestMethodWithDataProviderMethodWorker.java:77)
at org.testng.internal.TestMethodWithDataProviderMethodWorker.call(TestMethodWithDataProviderMethodWorker.java:15)
at java.util.concurrent.FutureTask.run(FutureTask.java:266)
at java.util.concurrent.Executors$RunnableAdapter.call(Executors.java:511)
at java.util.concurrent.FutureTask.run(FutureTask.java:266)
at java.util.concurrent.ThreadPoolExecutor.runWorker(ThreadPoolExecutor.java:1149)
at java.util.concurrent.ThreadPoolExecutor$Worker.run(ThreadPoolExecutor.java:624)
at java.lang.Thread.run(Thread.java:748)
]]>
            </full-stacktrace>
          </exception> <!-- java.lang.AssertionError -->
          <reporter-output>
          </reporter-output>
        </test-method> <!-- getTemp -->
        <test-method status="PASS" signature="beforeMethod(org.testng.ITestContext)[pri:0, instance:com.temp.test.TestsWeather@371a67ec]" name="beforeMethod" is-config="true" duration-ms="0" started-at="2020-10-15T05:17:59 IST" finished-at="2020-10-15T05:17:59 IST">
          <params>
            <param index="0">
              <value>
                <![CDATA[org.testng.TestRunner@3aaf4f07]]>
              </value>
            </param>
          </params>
          <reporter-output>
          </reporter-output>
        </test-method> <!-- beforeMethod -->
        <test-method status="PASS" signature="getTemp(com.temp.test.City)[pri:0, instance:com.temp.test.TestsWeather@371a67ec]" name="getTemp" duration-ms="7165" started-at="2020-10-15T05:18:00 IST" data-provider="DataCity" depends-on-methods="com.temp.test.TestsWeather.unCheckCities" finished-at="2020-10-15T05:18:07 IST">
          <params>
            <param index="0">
              <value>
                <![CDATA[com.temp.test.City@16a931bb]]>
              </value>
            </param>
          </params>
          <reporter-output>
          </reporter-output>
        </test-method> <!-- getTemp -->
        <test-method status="PASS" signature="beforeMethod(org.testng.ITestContext)[pri:0, instance:com.temp.test.TestsWeather@371a67ec]" name="beforeMethod" is-config="true" duration-ms="0" started-at="2020-10-15T05:18:00 IST" finished-at="2020-10-15T05:18:00 IST">
          <params>
            <param index="0">
              <value>
                <![CDATA[org.testng.TestRunner@3aaf4f07]]>
              </value>
            </param>
          </params>
          <reporter-output>
          </reporter-output>
        </test-method> <!-- beforeMethod -->
        <test-method status="PASS" signature="beforeMethod(org.testng.ITestContext)[pri:0, instance:com.temp.test.TestsWeather@371a67ec]" name="beforeMethod" is-config="true" duration-ms="0" started-at="2020-10-15T05:18:01 IST" finished-at="2020-10-15T05:18:01 IST">
          <params>
            <param index="0">
              <value>
                <![CDATA[org.testng.TestRunner@3aaf4f07]]>
              </value>
            </param>
          </params>
          <reporter-output>
          </reporter-output>
        </test-method> <!-- beforeMethod -->
        <test-method status="PASS" signature="getTemp(com.temp.test.City)[pri:0, instance:com.temp.test.TestsWeather@371a67ec]" name="getTemp" duration-ms="6494" started-at="2020-10-15T05:18:01 IST" data-provider="DataCity" depends-on-methods="com.temp.test.TestsWeather.unCheckCities" finished-at="2020-10-15T05:18:07 IST">
          <params>
            <param index="0">
              <value>
                <![CDATA[com.temp.test.City@73dc429a]]>
              </value>
            </param>
          </params>
          <reporter-output>
          </reporter-output>
        </test-method> <!-- getTemp -->
        <test-method status="PASS" signature="beforeMethod(org.testng.ITestContext)[pri:0, instance:com.temp.test.TestsWeather@371a67ec]" name="beforeMethod" is-config="true" duration-ms="0" started-at="2020-10-15T05:18:01 IST" finished-at="2020-10-15T05:18:01 IST">
          <params>
            <param index="0">
              <value>
                <![CDATA[org.testng.TestRunner@3aaf4f07]]>
              </value>
            </param>
          </params>
          <reporter-output>
          </reporter-output>
        </test-method> <!-- beforeMethod -->
        <test-method status="PASS" signature="getTemp(com.temp.test.City)[pri:0, instance:com.temp.test.TestsWeather@371a67ec]" name="getTemp" duration-ms="7243" started-at="2020-10-15T05:18:01 IST" data-provider="DataCity" depends-on-methods="com.temp.test.TestsWeather.unCheckCities" finished-at="2020-10-15T05:18:08 IST">
          <params>
            <param index="0">
              <value>
                <![CDATA[com.temp.test.City@10a248bb]]>
              </value>
            </param>
          </params>
          <reporter-output>
          </reporter-output>
        </test-method> <!-- getTemp -->
        <test-method status="PASS" signature="beforeMethod(org.testng.ITestContext)[pri:0, instance:com.temp.test.TestsWeather@371a67ec]" name="beforeMethod" is-config="true" duration-ms="0" started-at="2020-10-15T05:18:02 IST" finished-at="2020-10-15T05:18:02 IST">
          <params>
            <param index="0">
              <value>
                <![CDATA[org.testng.TestRunner@3aaf4f07]]>
              </value>
            </param>
          </params>
          <reporter-output>
          </reporter-output>
        </test-method> <!-- beforeMethod -->
        <test-method status="FAIL" signature="getTemp(com.temp.test.City)[pri:0, instance:com.temp.test.TestsWeather@371a67ec]" name="getTemp" duration-ms="6508" started-at="2020-10-15T05:18:02 IST" data-provider="DataCity" depends-on-methods="com.temp.test.TestsWeather.unCheckCities" finished-at="2020-10-15T05:18:08 IST">
          <params>
            <param index="0">
              <value>
                <![CDATA[com.temp.test.City@46042329]]>
              </value>
            </param>
          </params>
          <exception class="org.json.JSONException">
            <message>
              <![CDATA[JSONObject["main"] not found.]]>
            </message>
            <full-stacktrace>
              <![CDATA[org.json.JSONException: JSONObject["main"] not found.
at org.json.JSONObject.get(JSONObject.java:572)
at org.json.JSONObject.getJSONObject(JSONObject.java:782)
at com.temp.api.ApiUtils.getTemp(ApiUtils.java:94)
at com.temp.test.TestsWeather.getTemp(TestsWeather.java:198)
at sun.reflect.GeneratedMethodAccessor46.invoke(Unknown Source)
at sun.reflect.DelegatingMethodAccessorImpl.invoke(DelegatingMethodAccessorImpl.java:43)
at java.lang.reflect.Method.invoke(Method.java:498)
at org.testng.internal.MethodInvocationHelper.invokeMethod(MethodInvocationHelper.java:132)
at org.testng.internal.TestInvoker.invokeMethod(TestInvoker.java:599)
at org.testng.internal.TestInvoker.invokeTestMethod(TestInvoker.java:174)
at org.testng.internal.TestMethodWithDataProviderMethodWorker.call(TestMethodWithDataProviderMethodWorker.java:77)
at org.testng.internal.TestMethodWithDataProviderMethodWorker.call(TestMethodWithDataProviderMethodWorker.java:15)
at java.util.concurrent.FutureTask.run(FutureTask.java:266)
at java.util.concurrent.Executors$RunnableAdapter.call(Executors.java:511)
at java.util.concurrent.FutureTask.run(FutureTask.java:266)
at java.util.concurrent.ThreadPoolExecutor.runWorker(ThreadPoolExecutor.java:1149)
at java.util.concurrent.ThreadPoolExecutor$Worker.run(ThreadPoolExecutor.java:624)
at java.lang.Thread.run(Thread.java:748)
]]>
            </full-stacktrace>
          </exception> <!-- org.json.JSONException -->
          <reporter-output>
          </reporter-output>
        </test-method> <!-- getTemp -->
        <test-method status="PASS" signature="beforeMethod(org.testng.ITestContext)[pri:0, instance:com.temp.test.TestsWeather@371a67ec]" name="beforeMethod" is-config="true" duration-ms="1" started-at="2020-10-15T05:18:05 IST" finished-at="2020-10-15T05:18:05 IST">
          <params>
            <param index="0">
              <value>
                <![CDATA[org.testng.TestRunner@3aaf4f07]]>
              </value>
            </param>
          </params>
          <reporter-output>
          </reporter-output>
        </test-method> <!-- beforeMethod -->
        <test-method status="PASS" signature="getTemp(com.temp.test.City)[pri:0, instance:com.temp.test.TestsWeather@371a67ec]" name="getTemp" duration-ms="6507" started-at="2020-10-15T05:18:05 IST" data-provider="DataCity" depends-on-methods="com.temp.test.TestsWeather.unCheckCities" finished-at="2020-10-15T05:18:11 IST">
          <params>
            <param index="0">
              <value>
                <![CDATA[com.temp.test.City@3ca76e36]]>
              </value>
            </param>
          </params>
          <reporter-output>
          </reporter-output>
        </test-method> <!-- getTemp -->
        <test-method status="PASS" signature="beforeMethod(org.testng.ITestContext)[pri:0, instance:com.temp.test.TestsWeather@371a67ec]" name="beforeMethod" is-config="true" duration-ms="1" started-at="2020-10-15T05:18:05 IST" finished-at="2020-10-15T05:18:05 IST">
          <params>
            <param index="0">
              <value>
                <![CDATA[org.testng.TestRunner@3aaf4f07]]>
              </value>
            </param>
          </params>
          <reporter-output>
          </reporter-output>
        </test-method> <!-- beforeMethod -->
        <test-method status="PASS" signature="getTemp(com.temp.test.City)[pri:0, instance:com.temp.test.TestsWeather@371a67ec]" name="getTemp" duration-ms="6386" started-at="2020-10-15T05:18:05 IST" data-provider="DataCity" depends-on-methods="com.temp.test.TestsWeather.unCheckCities" finished-at="2020-10-15T05:18:11 IST">
          <params>
            <param index="0">
              <value>
                <![CDATA[com.temp.test.City@782a92]]>
              </value>
            </param>
          </params>
          <reporter-output>
          </reporter-output>
        </test-method> <!-- getTemp -->
        <test-method status="PASS" signature="getTemp(com.temp.test.City)[pri:0, instance:com.temp.test.TestsWeather@371a67ec]" name="getTemp" duration-ms="6334" started-at="2020-10-15T05:18:05 IST" data-provider="DataCity" depends-on-methods="com.temp.test.TestsWeather.unCheckCities" finished-at="2020-10-15T05:18:11 IST">
          <params>
            <param index="0">
              <value>
                <![CDATA[com.temp.test.City@2810dc9f]]>
              </value>
            </param>
          </params>
          <reporter-output>
          </reporter-output>
        </test-method> <!-- getTemp -->
        <test-method status="PASS" signature="beforeMethod(org.testng.ITestContext)[pri:0, instance:com.temp.test.TestsWeather@371a67ec]" name="beforeMethod" is-config="true" duration-ms="0" started-at="2020-10-15T05:18:05 IST" finished-at="2020-10-15T05:18:05 IST">
          <params>
            <param index="0">
              <value>
                <![CDATA[org.testng.TestRunner@3aaf4f07]]>
              </value>
            </param>
          </params>
          <reporter-output>
          </reporter-output>
        </test-method> <!-- beforeMethod -->
        <test-method status="PASS" signature="beforeMethod(org.testng.ITestContext)[pri:0, instance:com.temp.test.TestsWeather@371a67ec]" name="beforeMethod" is-config="true" duration-ms="0" started-at="2020-10-15T05:18:05 IST" finished-at="2020-10-15T05:18:05 IST">
          <params>
            <param index="0">
              <value>
                <![CDATA[org.testng.TestRunner@3aaf4f07]]>
              </value>
            </param>
          </params>
          <reporter-output>
          </reporter-output>
        </test-method> <!-- beforeMethod -->
        <test-method status="FAIL" signature="getTemp(com.temp.test.City)[pri:0, instance:com.temp.test.TestsWeather@371a67ec]" name="getTemp" duration-ms="7092" started-at="2020-10-15T05:18:05 IST" data-provider="DataCity" depends-on-methods="com.temp.test.TestsWeather.unCheckCities" finished-at="2020-10-15T05:18:12 IST">
          <params>
            <param index="0">
              <value>
                <![CDATA[com.temp.test.City@3dc53d20]]>
              </value>
            </param>
          </params>
          <exception class="java.lang.AssertionError">
            <message>
              <![CDATA[For city Panipat: The Actual temp is 21.709991 and expected is 33.0 expected [33.0] but found [21.709991]]]>
            </message>
            <full-stacktrace>
              <![CDATA[java.lang.AssertionError: For city Panipat: The Actual temp is 21.709991 and expected is 33.0 expected [33.0] but found [21.709991]
at org.testng.Assert.fail(Assert.java:99)
at org.testng.Assert.failNotEquals(Assert.java:1037)
at org.testng.Assert.assertEquals(Assert.java:744)
at com.temp.test.TestsWeather.getTemp(TestsWeather.java:224)
at sun.reflect.GeneratedMethodAccessor46.invoke(Unknown Source)
at sun.reflect.DelegatingMethodAccessorImpl.invoke(DelegatingMethodAccessorImpl.java:43)
at java.lang.reflect.Method.invoke(Method.java:498)
at org.testng.internal.MethodInvocationHelper.invokeMethod(MethodInvocationHelper.java:132)
at org.testng.internal.TestInvoker.invokeMethod(TestInvoker.java:599)
at org.testng.internal.TestInvoker.invokeTestMethod(TestInvoker.java:174)
at org.testng.internal.TestMethodWithDataProviderMethodWorker.call(TestMethodWithDataProviderMethodWorker.java:77)
at org.testng.internal.TestMethodWithDataProviderMethodWorker.call(TestMethodWithDataProviderMethodWorker.java:15)
at java.util.concurrent.FutureTask.run(FutureTask.java:266)
at java.util.concurrent.Executors$RunnableAdapter.call(Executors.java:511)
at java.util.concurrent.FutureTask.run(FutureTask.java:266)
at java.util.concurrent.ThreadPoolExecutor.runWorker(ThreadPoolExecutor.java:1149)
at java.util.concurrent.ThreadPoolExecutor$Worker.run(ThreadPoolExecutor.java:624)
at java.lang.Thread.run(Thread.java:748)
]]>
            </full-stacktrace>
          </exception> <!-- java.lang.AssertionError -->
          <reporter-output>
          </reporter-output>
        </test-method> <!-- getTemp -->
        <test-method status="PASS" signature="beforeMethod(org.testng.ITestContext)[pri:0, instance:com.temp.test.TestsWeather@371a67ec]" name="beforeMethod" is-config="true" duration-ms="0" started-at="2020-10-15T05:18:05 IST" finished-at="2020-10-15T05:18:05 IST">
          <params>
            <param index="0">
              <value>
                <![CDATA[org.testng.TestRunner@3aaf4f07]]>
              </value>
            </param>
          </params>
          <reporter-output>
          </reporter-output>
        </test-method> <!-- beforeMethod -->
        <test-method status="FAIL" signature="getTemp(com.temp.test.City)[pri:0, instance:com.temp.test.TestsWeather@371a67ec]" name="getTemp" duration-ms="7222" started-at="2020-10-15T05:18:05 IST" data-provider="DataCity" depends-on-methods="com.temp.test.TestsWeather.unCheckCities" finished-at="2020-10-15T05:18:12 IST">
          <params>
            <param index="0">
              <value>
                <![CDATA[com.temp.test.City@cc45e0c]]>
              </value>
            </param>
          </params>
          <exception class="java.lang.AssertionError">
            <message>
              <![CDATA[For city Patiala: The Actual temp is 20.589996 and expected is 34.0 expected [34.0] but found [20.589996]]]>
            </message>
            <full-stacktrace>
              <![CDATA[java.lang.AssertionError: For city Patiala: The Actual temp is 20.589996 and expected is 34.0 expected [34.0] but found [20.589996]
at org.testng.Assert.fail(Assert.java:99)
at org.testng.Assert.failNotEquals(Assert.java:1037)
at org.testng.Assert.assertEquals(Assert.java:744)
at com.temp.test.TestsWeather.getTemp(TestsWeather.java:224)
at sun.reflect.GeneratedMethodAccessor46.invoke(Unknown Source)
at sun.reflect.DelegatingMethodAccessorImpl.invoke(DelegatingMethodAccessorImpl.java:43)
at java.lang.reflect.Method.invoke(Method.java:498)
at org.testng.internal.MethodInvocationHelper.invokeMethod(MethodInvocationHelper.java:132)
at org.testng.internal.TestInvoker.invokeMethod(TestInvoker.java:599)
at org.testng.internal.TestInvoker.invokeTestMethod(TestInvoker.java:174)
at org.testng.internal.TestMethodWithDataProviderMethodWorker.call(TestMethodWithDataProviderMethodWorker.java:77)
at org.testng.internal.TestMethodWithDataProviderMethodWorker.call(TestMethodWithDataProviderMethodWorker.java:15)
at java.util.concurrent.FutureTask.run(FutureTask.java:266)
at java.util.concurrent.Executors$RunnableAdapter.call(Executors.java:511)
at java.util.concurrent.FutureTask.run(FutureTask.java:266)
at java.util.concurrent.ThreadPoolExecutor.runWorker(ThreadPoolExecutor.java:1149)
at java.util.concurrent.ThreadPoolExecutor$Worker.run(ThreadPoolExecutor.java:624)
at java.lang.Thread.run(Thread.java:748)
]]>
            </full-stacktrace>
          </exception> <!-- java.lang.AssertionError -->
          <reporter-output>
          </reporter-output>
        </test-method> <!-- getTemp -->
        <test-method status="PASS" signature="beforeMethod(org.testng.ITestContext)[pri:0, instance:com.temp.test.TestsWeather@371a67ec]" name="beforeMethod" is-config="true" duration-ms="1" started-at="2020-10-15T05:18:06 IST" finished-at="2020-10-15T05:18:06 IST">
          <params>
            <param index="0">
              <value>
                <![CDATA[org.testng.TestRunner@3aaf4f07]]>
              </value>
            </param>
          </params>
          <reporter-output>
          </reporter-output>
        </test-method> <!-- beforeMethod -->
        <test-method status="PASS" signature="getTemp(com.temp.test.City)[pri:0, instance:com.temp.test.TestsWeather@371a67ec]" name="getTemp" duration-ms="7854" started-at="2020-10-15T05:18:06 IST" data-provider="DataCity" depends-on-methods="com.temp.test.TestsWeather.unCheckCities" finished-at="2020-10-15T05:18:14 IST">
          <params>
            <param index="0">
              <value>
                <![CDATA[com.temp.test.City@1381ce6]]>
              </value>
            </param>
          </params>
          <reporter-output>
          </reporter-output>
        </test-method> <!-- getTemp -->
        <test-method status="PASS" signature="getTemp(com.temp.test.City)[pri:0, instance:com.temp.test.TestsWeather@371a67ec]" name="getTemp" duration-ms="6566" started-at="2020-10-15T05:18:07 IST" data-provider="DataCity" depends-on-methods="com.temp.test.TestsWeather.unCheckCities" finished-at="2020-10-15T05:18:14 IST">
          <params>
            <param index="0">
              <value>
                <![CDATA[com.temp.test.City@6360f5d2]]>
              </value>
            </param>
          </params>
          <reporter-output>
          </reporter-output>
        </test-method> <!-- getTemp -->
        <test-method status="PASS" signature="beforeMethod(org.testng.ITestContext)[pri:0, instance:com.temp.test.TestsWeather@371a67ec]" name="beforeMethod" is-config="true" duration-ms="0" started-at="2020-10-15T05:18:07 IST" finished-at="2020-10-15T05:18:07 IST">
          <params>
            <param index="0">
              <value>
                <![CDATA[org.testng.TestRunner@3aaf4f07]]>
              </value>
            </param>
          </params>
          <reporter-output>
          </reporter-output>
        </test-method> <!-- beforeMethod -->
        <test-method status="PASS" signature="beforeMethod(org.testng.ITestContext)[pri:0, instance:com.temp.test.TestsWeather@371a67ec]" name="beforeMethod" is-config="true" duration-ms="0" started-at="2020-10-15T05:18:07 IST" finished-at="2020-10-15T05:18:07 IST">
          <params>
            <param index="0">
              <value>
                <![CDATA[org.testng.TestRunner@3aaf4f07]]>
              </value>
            </param>
          </params>
          <reporter-output>
          </reporter-output>
        </test-method> <!-- beforeMethod -->
        <test-method status="PASS" signature="getTemp(com.temp.test.City)[pri:0, instance:com.temp.test.TestsWeather@371a67ec]" name="getTemp" duration-ms="7810" started-at="2020-10-15T05:18:07 IST" data-provider="DataCity" depends-on-methods="com.temp.test.TestsWeather.unCheckCities" finished-at="2020-10-15T05:18:15 IST">
          <params>
            <param index="0">
              <value>
                <![CDATA[com.temp.test.City@45c950ed]]>
              </value>
            </param>
          </params>
          <reporter-output>
          </reporter-output>
        </test-method> <!-- getTemp -->
        <test-method status="PASS" signature="beforeMethod(org.testng.ITestContext)[pri:0, instance:com.temp.test.TestsWeather@371a67ec]" name="beforeMethod" is-config="true" duration-ms="1" started-at="2020-10-15T05:18:08 IST" finished-at="2020-10-15T05:18:08 IST">
          <params>
            <param index="0">
              <value>
                <![CDATA[org.testng.TestRunner@3aaf4f07]]>
              </value>
            </param>
          </params>
          <reporter-output>
          </reporter-output>
        </test-method> <!-- beforeMethod -->
        <test-method status="FAIL" signature="getTemp(com.temp.test.City)[pri:0, instance:com.temp.test.TestsWeather@371a67ec]" name="getTemp" duration-ms="8512" started-at="2020-10-15T05:18:08 IST" data-provider="DataCity" depends-on-methods="com.temp.test.TestsWeather.unCheckCities" finished-at="2020-10-15T05:18:17 IST">
          <params>
            <param index="0">
              <value>
                <![CDATA[com.temp.test.City@7e005f1e]]>
              </value>
            </param>
          </params>
          <exception class="java.util.ConcurrentModificationException">
            <full-stacktrace>
              <![CDATA[java.util.ConcurrentModificationException
at java.util.ArrayList$Itr.checkForComodification(ArrayList.java:909)
at java.util.ArrayList$Itr.next(ArrayList.java:859)
at com.relevantcodes.extentreports.model.Test.trackLastRunStatus(Test.java:389)
at com.relevantcodes.extentreports.ExtentTest.log(ExtentTest.java:102)
at com.relevantcodes.extentreports.ExtentTest.log(ExtentTest.java:188)
at com.temp.test.TestsWeather.getTemp(TestsWeather.java:220)
at sun.reflect.GeneratedMethodAccessor46.invoke(Unknown Source)
at sun.reflect.DelegatingMethodAccessorImpl.invoke(DelegatingMethodAccessorImpl.java:43)
at java.lang.reflect.Method.invoke(Method.java:498)
at org.testng.internal.MethodInvocationHelper.invokeMethod(MethodInvocationHelper.java:132)
at org.testng.internal.TestInvoker.invokeMethod(TestInvoker.java:599)
at org.testng.internal.TestInvoker.invokeTestMethod(TestInvoker.java:174)
at org.testng.internal.TestMethodWithDataProviderMethodWorker.call(TestMethodWithDataProviderMethodWorker.java:77)
at org.testng.internal.TestMethodWithDataProviderMethodWorker.call(TestMethodWithDataProviderMethodWorker.java:15)
at java.util.concurrent.FutureTask.run(FutureTask.java:266)
at java.util.concurrent.Executors$RunnableAdapter.call(Executors.java:511)
at java.util.concurrent.FutureTask.run(FutureTask.java:266)
at java.util.concurrent.ThreadPoolExecutor.runWorker(ThreadPoolExecutor.java:1149)
at java.util.concurrent.ThreadPoolExecutor$Worker.run(ThreadPoolExecutor.java:624)
at java.lang.Thread.run(Thread.java:748)
]]>
            </full-stacktrace>
          </exception> <!-- java.util.ConcurrentModificationException -->
          <reporter-output>
          </reporter-output>
        </test-method> <!-- getTemp -->
        <test-method status="PASS" signature="beforeMethod(org.testng.ITestContext)[pri:0, instance:com.temp.test.TestsWeather@371a67ec]" name="beforeMethod" is-config="true" duration-ms="0" started-at="2020-10-15T05:18:08 IST" finished-at="2020-10-15T05:18:08 IST">
          <params>
            <param index="0">
              <value>
                <![CDATA[org.testng.TestRunner@3aaf4f07]]>
              </value>
            </param>
          </params>
          <reporter-output>
          </reporter-output>
        </test-method> <!-- beforeMethod -->
        <test-method status="PASS" signature="getTemp(com.temp.test.City)[pri:0, instance:com.temp.test.TestsWeather@371a67ec]" name="getTemp" duration-ms="6959" started-at="2020-10-15T05:18:08 IST" data-provider="DataCity" depends-on-methods="com.temp.test.TestsWeather.unCheckCities" finished-at="2020-10-15T05:18:15 IST">
          <params>
            <param index="0">
              <value>
                <![CDATA[com.temp.test.City@f4deffa]]>
              </value>
            </param>
          </params>
          <reporter-output>
          </reporter-output>
        </test-method> <!-- getTemp -->
        <test-method status="PASS" signature="beforeMethod(org.testng.ITestContext)[pri:0, instance:com.temp.test.TestsWeather@371a67ec]" name="beforeMethod" is-config="true" duration-ms="0" started-at="2020-10-15T05:18:11 IST" finished-at="2020-10-15T05:18:11 IST">
          <params>
            <param index="0">
              <value>
                <![CDATA[org.testng.TestRunner@3aaf4f07]]>
              </value>
            </param>
          </params>
          <reporter-output>
          </reporter-output>
        </test-method> <!-- beforeMethod -->
        <test-method status="PASS" signature="getTemp(com.temp.test.City)[pri:0, instance:com.temp.test.TestsWeather@371a67ec]" name="getTemp" duration-ms="6427" started-at="2020-10-15T05:18:11 IST" data-provider="DataCity" depends-on-methods="com.temp.test.TestsWeather.unCheckCities" finished-at="2020-10-15T05:18:18 IST">
          <params>
            <param index="0">
              <value>
                <![CDATA[com.temp.test.City@59e03992]]>
              </value>
            </param>
          </params>
          <reporter-output>
          </reporter-output>
        </test-method> <!-- getTemp -->
        <test-method status="PASS" signature="beforeMethod(org.testng.ITestContext)[pri:0, instance:com.temp.test.TestsWeather@371a67ec]" name="beforeMethod" is-config="true" duration-ms="0" started-at="2020-10-15T05:18:11 IST" finished-at="2020-10-15T05:18:11 IST">
          <params>
            <param index="0">
              <value>
                <![CDATA[org.testng.TestRunner@3aaf4f07]]>
              </value>
            </param>
          </params>
          <reporter-output>
          </reporter-output>
        </test-method> <!-- beforeMethod -->
        <test-method status="PASS" signature="getTemp(com.temp.test.City)[pri:0, instance:com.temp.test.TestsWeather@371a67ec]" name="getTemp" duration-ms="6421" started-at="2020-10-15T05:18:11 IST" data-provider="DataCity" depends-on-methods="com.temp.test.TestsWeather.unCheckCities" finished-at="2020-10-15T05:18:18 IST">
          <params>
            <param index="0">
              <value>
                <![CDATA[com.temp.test.City@5c7c3f4f]]>
              </value>
            </param>
          </params>
          <reporter-output>
          </reporter-output>
        </test-method> <!-- getTemp -->
        <test-method status="PASS" signature="beforeMethod(org.testng.ITestContext)[pri:0, instance:com.temp.test.TestsWeather@371a67ec]" name="beforeMethod" is-config="true" duration-ms="0" started-at="2020-10-15T05:18:11 IST" finished-at="2020-10-15T05:18:11 IST">
          <params>
            <param index="0">
              <value>
                <![CDATA[org.testng.TestRunner@3aaf4f07]]>
              </value>
            </param>
          </params>
          <reporter-output>
          </reporter-output>
        </test-method> <!-- beforeMethod -->
        <test-method status="PASS" signature="getTemp(com.temp.test.City)[pri:0, instance:com.temp.test.TestsWeather@371a67ec]" name="getTemp" duration-ms="6928" started-at="2020-10-15T05:18:11 IST" data-provider="DataCity" depends-on-methods="com.temp.test.TestsWeather.unCheckCities" finished-at="2020-10-15T05:18:18 IST">
          <params>
            <param index="0">
              <value>
                <![CDATA[com.temp.test.City@2ed9e98c]]>
              </value>
            </param>
          </params>
          <reporter-output>
          </reporter-output>
        </test-method> <!-- getTemp -->
        <test-method status="FAIL" signature="getTemp(com.temp.test.City)[pri:0, instance:com.temp.test.TestsWeather@371a67ec]" name="getTemp" duration-ms="6465" started-at="2020-10-15T05:18:12 IST" data-provider="DataCity" depends-on-methods="com.temp.test.TestsWeather.unCheckCities" finished-at="2020-10-15T05:18:19 IST">
          <params>
            <param index="0">
              <value>
                <![CDATA[com.temp.test.City@3ace427]]>
              </value>
            </param>
          </params>
          <exception class="java.lang.AssertionError">
            <message>
              <![CDATA[For city Saharanpur: The Actual temp is 20.839996 and expected is 33.0 expected [33.0] but found [20.839996]]]>
            </message>
            <full-stacktrace>
              <![CDATA[java.lang.AssertionError: For city Saharanpur: The Actual temp is 20.839996 and expected is 33.0 expected [33.0] but found [20.839996]
at org.testng.Assert.fail(Assert.java:99)
at org.testng.Assert.failNotEquals(Assert.java:1037)
at org.testng.Assert.assertEquals(Assert.java:744)
at com.temp.test.TestsWeather.getTemp(TestsWeather.java:224)
at sun.reflect.GeneratedMethodAccessor46.invoke(Unknown Source)
at sun.reflect.DelegatingMethodAccessorImpl.invoke(DelegatingMethodAccessorImpl.java:43)
at java.lang.reflect.Method.invoke(Method.java:498)
at org.testng.internal.MethodInvocationHelper.invokeMethod(MethodInvocationHelper.java:132)
at org.testng.internal.TestInvoker.invokeMethod(TestInvoker.java:599)
at org.testng.internal.TestInvoker.invokeTestMethod(TestInvoker.java:174)
at org.testng.internal.TestMethodWithDataProviderMethodWorker.call(TestMethodWithDataProviderMethodWorker.java:77)
at org.testng.internal.TestMethodWithDataProviderMethodWorker.call(TestMethodWithDataProviderMethodWorker.java:15)
at java.util.concurrent.FutureTask.run(FutureTask.java:266)
at java.util.concurrent.Executors$RunnableAdapter.call(Executors.java:511)
at java.util.concurrent.FutureTask.run(FutureTask.java:266)
at java.util.concurrent.ThreadPoolExecutor.runWorker(ThreadPoolExecutor.java:1149)
at java.util.concurrent.ThreadPoolExecutor$Worker.run(ThreadPoolExecutor.java:624)
at java.lang.Thread.run(Thread.java:748)
]]>
            </full-stacktrace>
          </exception> <!-- java.lang.AssertionError -->
          <reporter-output>
          </reporter-output>
        </test-method> <!-- getTemp -->
        <test-method status="PASS" signature="beforeMethod(org.testng.ITestContext)[pri:0, instance:com.temp.test.TestsWeather@371a67ec]" name="beforeMethod" is-config="true" duration-ms="0" started-at="2020-10-15T05:18:12 IST" finished-at="2020-10-15T05:18:12 IST">
          <params>
            <param index="0">
              <value>
                <![CDATA[org.testng.TestRunner@3aaf4f07]]>
              </value>
            </param>
          </params>
          <reporter-output>
          </reporter-output>
        </test-method> <!-- beforeMethod -->
        <test-method status="PASS" signature="beforeMethod(org.testng.ITestContext)[pri:0, instance:com.temp.test.TestsWeather@371a67ec]" name="beforeMethod" is-config="true" duration-ms="0" started-at="2020-10-15T05:18:12 IST" finished-at="2020-10-15T05:18:12 IST">
          <params>
            <param index="0">
              <value>
                <![CDATA[org.testng.TestRunner@3aaf4f07]]>
              </value>
            </param>
          </params>
          <reporter-output>
          </reporter-output>
        </test-method> <!-- beforeMethod -->
        <test-method status="PASS" signature="getTemp(com.temp.test.City)[pri:0, instance:com.temp.test.TestsWeather@371a67ec]" name="getTemp" duration-ms="7634" started-at="2020-10-15T05:18:12 IST" data-provider="DataCity" depends-on-methods="com.temp.test.TestsWeather.unCheckCities" finished-at="2020-10-15T05:18:20 IST">
          <params>
            <param index="0">
              <value>
                <![CDATA[com.temp.test.City@71532ea5]]>
              </value>
            </param>
          </params>
          <reporter-output>
          </reporter-output>
        </test-method> <!-- getTemp -->
        <test-method status="PASS" signature="getTemp(com.temp.test.City)[pri:0, instance:com.temp.test.TestsWeather@371a67ec]" name="getTemp" duration-ms="6442" started-at="2020-10-15T05:18:14 IST" data-provider="DataCity" depends-on-methods="com.temp.test.TestsWeather.unCheckCities" finished-at="2020-10-15T05:18:20 IST">
          <params>
            <param index="0">
              <value>
                <![CDATA[com.temp.test.City@3dcffb54]]>
              </value>
            </param>
          </params>
          <reporter-output>
          </reporter-output>
        </test-method> <!-- getTemp -->
        <test-method status="PASS" signature="beforeMethod(org.testng.ITestContext)[pri:0, instance:com.temp.test.TestsWeather@371a67ec]" name="beforeMethod" is-config="true" duration-ms="0" started-at="2020-10-15T05:18:14 IST" finished-at="2020-10-15T05:18:14 IST">
          <params>
            <param index="0">
              <value>
                <![CDATA[org.testng.TestRunner@3aaf4f07]]>
              </value>
            </param>
          </params>
          <reporter-output>
          </reporter-output>
        </test-method> <!-- beforeMethod -->
        <test-method status="PASS" signature="beforeMethod(org.testng.ITestContext)[pri:0, instance:com.temp.test.TestsWeather@371a67ec]" name="beforeMethod" is-config="true" duration-ms="1" started-at="2020-10-15T05:18:14 IST" finished-at="2020-10-15T05:18:14 IST">
          <params>
            <param index="0">
              <value>
                <![CDATA[org.testng.TestRunner@3aaf4f07]]>
              </value>
            </param>
          </params>
          <reporter-output>
          </reporter-output>
        </test-method> <!-- beforeMethod -->
        <test-method status="FAIL" signature="getTemp(com.temp.test.City)[pri:0, instance:com.temp.test.TestsWeather@371a67ec]" name="getTemp" duration-ms="7021" started-at="2020-10-15T05:18:14 IST" data-provider="DataCity" depends-on-methods="com.temp.test.TestsWeather.unCheckCities" finished-at="2020-10-15T05:18:21 IST">
          <params>
            <param index="0">
              <value>
                <![CDATA[com.temp.test.City@2d39b4ac]]>
              </value>
            </param>
          </params>
          <exception class="java.lang.AssertionError">
            <message>
              <![CDATA[For city Srinagar: The Actual temp is 10.160004 and expected is 26.0 expected [26.0] but found [10.160004]]]>
            </message>
            <full-stacktrace>
              <![CDATA[java.lang.AssertionError: For city Srinagar: The Actual temp is 10.160004 and expected is 26.0 expected [26.0] but found [10.160004]
at org.testng.Assert.fail(Assert.java:99)
at org.testng.Assert.failNotEquals(Assert.java:1037)
at org.testng.Assert.assertEquals(Assert.java:744)
at com.temp.test.TestsWeather.getTemp(TestsWeather.java:224)
at sun.reflect.GeneratedMethodAccessor46.invoke(Unknown Source)
at sun.reflect.DelegatingMethodAccessorImpl.invoke(DelegatingMethodAccessorImpl.java:43)
at java.lang.reflect.Method.invoke(Method.java:498)
at org.testng.internal.MethodInvocationHelper.invokeMethod(MethodInvocationHelper.java:132)
at org.testng.internal.TestInvoker.invokeMethod(TestInvoker.java:599)
at org.testng.internal.TestInvoker.invokeTestMethod(TestInvoker.java:174)
at org.testng.internal.TestMethodWithDataProviderMethodWorker.call(TestMethodWithDataProviderMethodWorker.java:77)
at org.testng.internal.TestMethodWithDataProviderMethodWorker.call(TestMethodWithDataProviderMethodWorker.java:15)
at java.util.concurrent.FutureTask.run(FutureTask.java:266)
at java.util.concurrent.Executors$RunnableAdapter.call(Executors.java:511)
at java.util.concurrent.FutureTask.run(FutureTask.java:266)
at java.util.concurrent.ThreadPoolExecutor.runWorker(ThreadPoolExecutor.java:1149)
at java.util.concurrent.ThreadPoolExecutor$Worker.run(ThreadPoolExecutor.java:624)
at java.lang.Thread.run(Thread.java:748)
]]>
            </full-stacktrace>
          </exception> <!-- java.lang.AssertionError -->
          <reporter-output>
          </reporter-output>
        </test-method> <!-- getTemp -->
        <test-method status="PASS" signature="getTemp(com.temp.test.City)[pri:0, instance:com.temp.test.TestsWeather@371a67ec]" name="getTemp" duration-ms="7642" started-at="2020-10-15T05:18:15 IST" data-provider="DataCity" depends-on-methods="com.temp.test.TestsWeather.unCheckCities" finished-at="2020-10-15T05:18:23 IST">
          <params>
            <param index="0">
              <value>
                <![CDATA[com.temp.test.City@af07314]]>
              </value>
            </param>
          </params>
          <reporter-output>
          </reporter-output>
        </test-method> <!-- getTemp -->
        <test-method status="PASS" signature="beforeMethod(org.testng.ITestContext)[pri:0, instance:com.temp.test.TestsWeather@371a67ec]" name="beforeMethod" is-config="true" duration-ms="0" started-at="2020-10-15T05:18:15 IST" finished-at="2020-10-15T05:18:15 IST">
          <params>
            <param index="0">
              <value>
                <![CDATA[org.testng.TestRunner@3aaf4f07]]>
              </value>
            </param>
          </params>
          <reporter-output>
          </reporter-output>
        </test-method> <!-- beforeMethod -->
        <test-method status="FAIL" signature="getTemp(com.temp.test.City)[pri:0, instance:com.temp.test.TestsWeather@371a67ec]" name="getTemp" duration-ms="4073" started-at="2020-10-15T05:18:15 IST" data-provider="DataCity" depends-on-methods="com.temp.test.TestsWeather.unCheckCities" finished-at="2020-10-15T05:18:19 IST">
          <params>
            <param index="0">
              <value>
                <![CDATA[com.temp.test.City@70996d85]]>
              </value>
            </param>
          </params>
          <exception class="java.lang.NumberFormatException">
            <message>
              <![CDATA[For input string: ""]]>
            </message>
            <full-stacktrace>
              <![CDATA[java.lang.NumberFormatException: For input string: ""
at java.lang.NumberFormatException.forInputString(NumberFormatException.java:65)
at java.lang.Integer.parseInt(Integer.java:592)
at java.lang.Integer.valueOf(Integer.java:766)
at com.temp.test.TestsWeather.getTemp(TestsWeather.java:183)
at sun.reflect.GeneratedMethodAccessor46.invoke(Unknown Source)
at sun.reflect.DelegatingMethodAccessorImpl.invoke(DelegatingMethodAccessorImpl.java:43)
at java.lang.reflect.Method.invoke(Method.java:498)
at org.testng.internal.MethodInvocationHelper.invokeMethod(MethodInvocationHelper.java:132)
at org.testng.internal.TestInvoker.invokeMethod(TestInvoker.java:599)
at org.testng.internal.TestInvoker.invokeTestMethod(TestInvoker.java:174)
at org.testng.internal.TestMethodWithDataProviderMethodWorker.call(TestMethodWithDataProviderMethodWorker.java:77)
at org.testng.internal.TestMethodWithDataProviderMethodWorker.call(TestMethodWithDataProviderMethodWorker.java:15)
at java.util.concurrent.FutureTask.run(FutureTask.java:266)
at java.util.concurrent.Executors$RunnableAdapter.call(Executors.java:511)
at java.util.concurrent.FutureTask.run(FutureTask.java:266)
at java.util.concurrent.ThreadPoolExecutor.runWorker(ThreadPoolExecutor.java:1149)
at java.util.concurrent.ThreadPoolExecutor$Worker.run(ThreadPoolExecutor.java:624)
at java.lang.Thread.run(Thread.java:748)
]]>
            </full-stacktrace>
          </exception> <!-- java.lang.NumberFormatException -->
          <reporter-output>
          </reporter-output>
        </test-method> <!-- getTemp -->
        <test-method status="PASS" signature="beforeMethod(org.testng.ITestContext)[pri:0, instance:com.temp.test.TestsWeather@371a67ec]" name="beforeMethod" is-config="true" duration-ms="0" started-at="2020-10-15T05:18:15 IST" finished-at="2020-10-15T05:18:15 IST">
          <params>
            <param index="0">
              <value>
                <![CDATA[org.testng.TestRunner@3aaf4f07]]>
              </value>
            </param>
          </params>
          <reporter-output>
          </reporter-output>
        </test-method> <!-- beforeMethod -->
        <test-method status="PASS" signature="beforeMethod(org.testng.ITestContext)[pri:0, instance:com.temp.test.TestsWeather@371a67ec]" name="beforeMethod" is-config="true" duration-ms="1" started-at="2020-10-15T05:18:17 IST" finished-at="2020-10-15T05:18:17 IST">
          <params>
            <param index="0">
              <value>
                <![CDATA[org.testng.TestRunner@3aaf4f07]]>
              </value>
            </param>
          </params>
          <reporter-output>
          </reporter-output>
        </test-method> <!-- beforeMethod -->
        <test-method status="FAIL" signature="getTemp(com.temp.test.City)[pri:0, instance:com.temp.test.TestsWeather@371a67ec]" name="getTemp" duration-ms="3284" started-at="2020-10-15T05:18:17 IST" data-provider="DataCity" depends-on-methods="com.temp.test.TestsWeather.unCheckCities" finished-at="2020-10-15T05:18:20 IST">
          <params>
            <param index="0">
              <value>
                <![CDATA[com.temp.test.City@401c0933]]>
              </value>
            </param>
          </params>
          <exception class="java.lang.NumberFormatException">
            <message>
              <![CDATA[For input string: ""]]>
            </message>
            <full-stacktrace>
              <![CDATA[java.lang.NumberFormatException: For input string: ""
at java.lang.NumberFormatException.forInputString(NumberFormatException.java:65)
at java.lang.Integer.parseInt(Integer.java:592)
at java.lang.Integer.valueOf(Integer.java:766)
at com.temp.test.TestsWeather.getTemp(TestsWeather.java:183)
at sun.reflect.GeneratedMethodAccessor46.invoke(Unknown Source)
at sun.reflect.DelegatingMethodAccessorImpl.invoke(DelegatingMethodAccessorImpl.java:43)
at java.lang.reflect.Method.invoke(Method.java:498)
at org.testng.internal.MethodInvocationHelper.invokeMethod(MethodInvocationHelper.java:132)
at org.testng.internal.TestInvoker.invokeMethod(TestInvoker.java:599)
at org.testng.internal.TestInvoker.invokeTestMethod(TestInvoker.java:174)
at org.testng.internal.TestMethodWithDataProviderMethodWorker.call(TestMethodWithDataProviderMethodWorker.java:77)
at org.testng.internal.TestMethodWithDataProviderMethodWorker.call(TestMethodWithDataProviderMethodWorker.java:15)
at java.util.concurrent.FutureTask.run(FutureTask.java:266)
at java.util.concurrent.Executors$RunnableAdapter.call(Executors.java:511)
at java.util.concurrent.FutureTask.run(FutureTask.java:266)
at java.util.concurrent.ThreadPoolExecutor.runWorker(ThreadPoolExecutor.java:1149)
at java.util.concurrent.ThreadPoolExecutor$Worker.run(ThreadPoolExecutor.java:624)
at java.lang.Thread.run(Thread.java:748)
]]>
            </full-stacktrace>
          </exception> <!-- java.lang.NumberFormatException -->
          <reporter-output>
          </reporter-output>
        </test-method> <!-- getTemp -->
        <test-method status="PASS" signature="beforeMethod(org.testng.ITestContext)[pri:0, instance:com.temp.test.TestsWeather@371a67ec]" name="beforeMethod" is-config="true" duration-ms="0" started-at="2020-10-15T05:18:18 IST" finished-at="2020-10-15T05:18:18 IST">
          <params>
            <param index="0">
              <value>
                <![CDATA[org.testng.TestRunner@3aaf4f07]]>
              </value>
            </param>
          </params>
          <reporter-output>
          </reporter-output>
        </test-method> <!-- beforeMethod -->
        <test-method status="PASS" signature="getTemp(com.temp.test.City)[pri:0, instance:com.temp.test.TestsWeather@371a67ec]" name="getTemp" duration-ms="5169" started-at="2020-10-15T05:18:18 IST" data-provider="DataCity" depends-on-methods="com.temp.test.TestsWeather.unCheckCities" finished-at="2020-10-15T05:18:23 IST">
          <params>
            <param index="0">
              <value>
                <![CDATA[com.temp.test.City@2d013d6f]]>
              </value>
            </param>
          </params>
          <reporter-output>
          </reporter-output>
        </test-method> <!-- getTemp -->
        <test-method status="PASS" signature="beforeMethod(org.testng.ITestContext)[pri:0, instance:com.temp.test.TestsWeather@371a67ec]" name="beforeMethod" is-config="true" duration-ms="0" started-at="2020-10-15T05:18:18 IST" finished-at="2020-10-15T05:18:18 IST">
          <params>
            <param index="0">
              <value>
                <![CDATA[org.testng.TestRunner@3aaf4f07]]>
              </value>
            </param>
          </params>
          <reporter-output>
          </reporter-output>
        </test-method> <!-- beforeMethod -->
        <test-method status="PASS" signature="getTemp(com.temp.test.City)[pri:0, instance:com.temp.test.TestsWeather@371a67ec]" name="getTemp" duration-ms="6354" started-at="2020-10-15T05:18:18 IST" data-provider="DataCity" depends-on-methods="com.temp.test.TestsWeather.unCheckCities" finished-at="2020-10-15T05:18:24 IST">
          <params>
            <param index="0">
              <value>
                <![CDATA[com.temp.test.City@3387131]]>
              </value>
            </param>
          </params>
          <reporter-output>
          </reporter-output>
        </test-method> <!-- getTemp -->
        <test-method status="PASS" signature="getTemp(com.temp.test.City)[pri:0, instance:com.temp.test.TestsWeather@371a67ec]" name="getTemp" duration-ms="5769" started-at="2020-10-15T05:18:18 IST" data-provider="DataCity" depends-on-methods="com.temp.test.TestsWeather.unCheckCities" finished-at="2020-10-15T05:18:24 IST">
          <params>
            <param index="0">
              <value>
                <![CDATA[com.temp.test.City@409e5689]]>
              </value>
            </param>
          </params>
          <reporter-output>
          </reporter-output>
        </test-method> <!-- getTemp -->
        <test-method status="PASS" signature="beforeMethod(org.testng.ITestContext)[pri:0, instance:com.temp.test.TestsWeather@371a67ec]" name="beforeMethod" is-config="true" duration-ms="0" started-at="2020-10-15T05:18:18 IST" finished-at="2020-10-15T05:18:18 IST">
          <params>
            <param index="0">
              <value>
                <![CDATA[org.testng.TestRunner@3aaf4f07]]>
              </value>
            </param>
          </params>
          <reporter-output>
          </reporter-output>
        </test-method> <!-- beforeMethod -->
        <test-method status="PASS" signature="beforeMethod(org.testng.ITestContext)[pri:0, instance:com.temp.test.TestsWeather@371a67ec]" name="beforeMethod" is-config="true" duration-ms="0" started-at="2020-10-15T05:18:19 IST" finished-at="2020-10-15T05:18:19 IST">
          <params>
            <param index="0">
              <value>
                <![CDATA[org.testng.TestRunner@3aaf4f07]]>
              </value>
            </param>
          </params>
          <reporter-output>
          </reporter-output>
        </test-method> <!-- beforeMethod -->
        <test-method status="PASS" signature="getTemp(com.temp.test.City)[pri:0, instance:com.temp.test.TestsWeather@371a67ec]" name="getTemp" duration-ms="6761" started-at="2020-10-15T05:18:19 IST" data-provider="DataCity" depends-on-methods="com.temp.test.TestsWeather.unCheckCities" finished-at="2020-10-15T05:18:25 IST">
          <params>
            <param index="0">
              <value>
                <![CDATA[com.temp.test.City@9ea34dc]]>
              </value>
            </param>
          </params>
          <reporter-output>
          </reporter-output>
        </test-method> <!-- getTemp -->
        <test-method status="PASS" signature="getTemp(com.temp.test.City)[pri:0, instance:com.temp.test.TestsWeather@371a67ec]" name="getTemp" duration-ms="6095" started-at="2020-10-15T05:18:19 IST" data-provider="DataCity" depends-on-methods="com.temp.test.TestsWeather.unCheckCities" finished-at="2020-10-15T05:18:25 IST">
          <params>
            <param index="0">
              <value>
                <![CDATA[com.temp.test.City@1c45ae14]]>
              </value>
            </param>
          </params>
          <reporter-output>
          </reporter-output>
        </test-method> <!-- getTemp -->
        <test-method status="PASS" signature="beforeMethod(org.testng.ITestContext)[pri:0, instance:com.temp.test.TestsWeather@371a67ec]" name="beforeMethod" is-config="true" duration-ms="0" started-at="2020-10-15T05:18:19 IST" finished-at="2020-10-15T05:18:19 IST">
          <params>
            <param index="0">
              <value>
                <![CDATA[org.testng.TestRunner@3aaf4f07]]>
              </value>
            </param>
          </params>
          <reporter-output>
          </reporter-output>
        </test-method> <!-- beforeMethod -->
        <test-method status="PASS" signature="beforeMethod(org.testng.ITestContext)[pri:0, instance:com.temp.test.TestsWeather@371a67ec]" name="beforeMethod" is-config="true" duration-ms="0" started-at="2020-10-15T05:18:20 IST" finished-at="2020-10-15T05:18:20 IST">
          <params>
            <param index="0">
              <value>
                <![CDATA[org.testng.TestRunner@3aaf4f07]]>
              </value>
            </param>
          </params>
          <reporter-output>
          </reporter-output>
        </test-method> <!-- beforeMethod -->
        <test-method status="PASS" signature="getTemp(com.temp.test.City)[pri:0, instance:com.temp.test.TestsWeather@371a67ec]" name="getTemp" duration-ms="6129" started-at="2020-10-15T05:18:20 IST" data-provider="DataCity" depends-on-methods="com.temp.test.TestsWeather.unCheckCities" finished-at="2020-10-15T05:18:26 IST">
          <params>
            <param index="0">
              <value>
                <![CDATA[com.temp.test.City@16fedbcb]]>
              </value>
            </param>
          </params>
          <reporter-output>
          </reporter-output>
        </test-method> <!-- getTemp -->
        <test-method status="PASS" signature="getTemp(com.temp.test.City)[pri:0, instance:com.temp.test.TestsWeather@371a67ec]" name="getTemp" duration-ms="6138" started-at="2020-10-15T05:18:20 IST" data-provider="DataCity" depends-on-methods="com.temp.test.TestsWeather.unCheckCities" finished-at="2020-10-15T05:18:26 IST">
          <params>
            <param index="0">
              <value>
                <![CDATA[com.temp.test.City@2cb18b80]]>
              </value>
            </param>
          </params>
          <reporter-output>
          </reporter-output>
        </test-method> <!-- getTemp -->
        <test-method status="PASS" signature="beforeMethod(org.testng.ITestContext)[pri:0, instance:com.temp.test.TestsWeather@371a67ec]" name="beforeMethod" is-config="true" duration-ms="0" started-at="2020-10-15T05:18:20 IST" finished-at="2020-10-15T05:18:20 IST">
          <params>
            <param index="0">
              <value>
                <![CDATA[org.testng.TestRunner@3aaf4f07]]>
              </value>
            </param>
          </params>
          <reporter-output>
          </reporter-output>
        </test-method> <!-- beforeMethod -->
        <test-method status="PASS" signature="afterTest()[pri:0, instance:com.temp.test.TestsWeather@371a67ec]" name="afterTest" is-config="true" duration-ms="1456" started-at="2020-10-15T05:18:26 IST" finished-at="2020-10-15T05:18:28 IST">
          <reporter-output>
          </reporter-output>
        </test-method> <!-- afterTest -->
      </class> <!-- com.temp.test.TestsWeather -->
    </test> <!-- Regression -->
  </suite> <!-- master -->
</testng-results>
