<?xml version="1.0" encoding="UTF-8"?>
<testng-results skipped="0" failed="1" ignored="0" total="5" passed="4">
  <reporter-output>
  </reporter-output>
  <suite name="master" duration-ms="46521" started-at="2020-10-15T05:06:34 IST" finished-at="2020-10-15T05:07:21 IST">
    <groups>
    </groups>
    <test name="Regression" duration-ms="46521" started-at="2020-10-15T05:06:34 IST" finished-at="2020-10-15T05:07:21 IST">
      <class name="com.temp.test.TestsWeather">
        <test-method status="PASS" signature="beforeTest(java.lang.String)[pri:0, instance:com.temp.test.TestsWeather@6fb0d3ed]" name="beforeTest" is-config="true" duration-ms="39828" started-at="2020-10-15T05:06:34 IST" finished-at="2020-10-15T05:07:14 IST">
          <params>
            <param index="0">
              <value>
                <![CDATA[02]]>
              </value>
            </param>
          </params>
          <reporter-output>
          </reporter-output>
        </test-method> <!-- beforeTest -->
        <test-method status="PASS" signature="beforeMethod(org.testng.ITestContext)[pri:0, instance:com.temp.test.TestsWeather@6fb0d3ed]" name="beforeMethod" is-config="true" duration-ms="1" started-at="2020-10-15T05:07:14 IST" finished-at="2020-10-15T05:07:14 IST">
          <params>
            <param index="0">
              <value>
                <![CDATA[org.testng.TestRunner@437e951d]]>
              </value>
            </param>
          </params>
          <reporter-output>
          </reporter-output>
        </test-method> <!-- beforeMethod -->
        <test-method status="PASS" signature="TestAddCity()[pri:0, instance:com.temp.test.TestsWeather@6fb0d3ed]" name="TestAddCity" duration-ms="110" started-at="2020-10-15T05:07:14 IST" finished-at="2020-10-15T05:07:14 IST">
          <reporter-output>
          </reporter-output>
        </test-method> <!-- TestAddCity -->
        <test-method status="PASS" signature="beforeMethod(org.testng.ITestContext)[pri:0, instance:com.temp.test.TestsWeather@6fb0d3ed]" name="beforeMethod" is-config="true" duration-ms="0" started-at="2020-10-15T05:07:14 IST" finished-at="2020-10-15T05:07:14 IST">
          <params>
            <param index="0">
              <value>
                <![CDATA[org.testng.TestRunner@437e951d]]>
              </value>
            </param>
          </params>
          <reporter-output>
          </reporter-output>
        </test-method> <!-- beforeMethod -->
        <test-method status="PASS" signature="TestPrintCities()[pri:0, instance:com.temp.test.TestsWeather@6fb0d3ed]" name="TestPrintCities" duration-ms="1" started-at="2020-10-15T05:07:14 IST" depends-on-methods="com.temp.test.TestsWeather.TestAddCity" finished-at="2020-10-15T05:07:14 IST">
          <reporter-output>
          </reporter-output>
        </test-method> <!-- TestPrintCities -->
        <test-method status="PASS" signature="unCheckCities()[pri:0, instance:com.temp.test.TestsWeather@6fb0d3ed]" name="unCheckCities" duration-ms="3298" started-at="2020-10-15T05:07:14 IST" depends-on-methods="com.temp.test.TestsWeather.TestAddCity" finished-at="2020-10-15T05:07:18 IST">
          <reporter-output>
          </reporter-output>
        </test-method> <!-- unCheckCities -->
        <test-method status="PASS" signature="beforeMethod(org.testng.ITestContext)[pri:0, instance:com.temp.test.TestsWeather@6fb0d3ed]" name="beforeMethod" is-config="true" duration-ms="0" started-at="2020-10-15T05:07:14 IST" finished-at="2020-10-15T05:07:14 IST">
          <params>
            <param index="0">
              <value>
                <![CDATA[org.testng.TestRunner@437e951d]]>
              </value>
            </param>
          </params>
          <reporter-output>
          </reporter-output>
        </test-method> <!-- beforeMethod -->
        <test-method status="FAIL" signature="getTemp(com.temp.test.City)[pri:0, instance:com.temp.test.TestsWeather@6fb0d3ed]" name="getTemp" duration-ms="2301" started-at="2020-10-15T05:07:18 IST" data-provider="DataCity" depends-on-methods="com.temp.test.TestsWeather.unCheckCities" finished-at="2020-10-15T05:07:20 IST">
          <params>
            <param index="0">
              <value>
                <![CDATA[com.temp.test.City@5f471b71]]>
              </value>
            </param>
          </params>
          <exception class="java.lang.AssertionError">
            <message>
              <![CDATA[For city Ajmer: The Actual temp is 23.559998 and expected is 34.0 expected [34.0] but found [23.559998]]]>
            </message>
            <full-stacktrace>
              <![CDATA[java.lang.AssertionError: For city Ajmer: The Actual temp is 23.559998 and expected is 34.0 expected [34.0] but found [23.559998]
at org.testng.Assert.fail(Assert.java:99)
at org.testng.Assert.failNotEquals(Assert.java:1037)
at org.testng.Assert.assertEquals(Assert.java:744)
at com.temp.test.TestsWeather.getTemp(TestsWeather.java:227)
at sun.reflect.NativeMethodAccessorImpl.invoke0(Native Method)
at sun.reflect.NativeMethodAccessorImpl.invoke(NativeMethodAccessorImpl.java:62)
at sun.reflect.DelegatingMethodAccessorImpl.invoke(DelegatingMethodAccessorImpl.java:43)
at java.lang.reflect.Method.invoke(Method.java:498)
at org.testng.internal.MethodInvocationHelper.invokeMethod(MethodInvocationHelper.java:132)
at org.testng.internal.TestInvoker.invokeMethod(TestInvoker.java:599)
at org.testng.internal.TestInvoker.invokeTestMethod(TestInvoker.java:174)
at org.testng.internal.TestMethodWithDataProviderMethodWorker.call(TestMethodWithDataProviderMethodWorker.java:77)
at org.testng.internal.TestMethodWithDataProviderMethodWorker.call(TestMethodWithDataProviderMethodWorker.java:15)
at java.util.concurrent.FutureTask.run(FutureTask.java:266)
at java.util.concurrent.Executors$RunnableAdapter.call(Executors.java:511)
at java.util.concurrent.FutureTask.run(FutureTask.java:266)
at java.util.concurrent.ThreadPoolExecutor.runWorker(ThreadPoolExecutor.java:1149)
at java.util.concurrent.ThreadPoolExecutor$Worker.run(ThreadPoolExecutor.java:624)
at java.lang.Thread.run(Thread.java:748)
]]>
            </full-stacktrace>
          </exception> <!-- java.lang.AssertionError -->
          <reporter-output>
          </reporter-output>
        </test-method> <!-- getTemp -->
        <test-method status="PASS" signature="beforeMethod(org.testng.ITestContext)[pri:0, instance:com.temp.test.TestsWeather@6fb0d3ed]" name="beforeMethod" is-config="true" duration-ms="0" started-at="2020-10-15T05:07:18 IST" finished-at="2020-10-15T05:07:18 IST">
          <params>
            <param index="0">
              <value>
                <![CDATA[org.testng.TestRunner@437e951d]]>
              </value>
            </param>
          </params>
          <reporter-output>
          </reporter-output>
        </test-method> <!-- beforeMethod -->
        <test-method status="PASS" signature="getTemp(com.temp.test.City)[pri:0, instance:com.temp.test.TestsWeather@6fb0d3ed]" name="getTemp" duration-ms="2323" started-at="2020-10-15T05:07:18 IST" data-provider="DataCity" depends-on-methods="com.temp.test.TestsWeather.unCheckCities" finished-at="2020-10-15T05:07:20 IST">
          <params>
            <param index="0">
              <value>
                <![CDATA[com.temp.test.City@52b618aa]]>
              </value>
            </param>
          </params>
          <reporter-output>
          </reporter-output>
        </test-method> <!-- getTemp -->
        <test-method status="PASS" signature="beforeMethod(org.testng.ITestContext)[pri:0, instance:com.temp.test.TestsWeather@6fb0d3ed]" name="beforeMethod" is-config="true" duration-ms="0" started-at="2020-10-15T05:07:18 IST" finished-at="2020-10-15T05:07:18 IST">
          <params>
            <param index="0">
              <value>
                <![CDATA[org.testng.TestRunner@437e951d]]>
              </value>
            </param>
          </params>
          <reporter-output>
          </reporter-output>
        </test-method> <!-- beforeMethod -->
        <test-method status="PASS" signature="afterTest()[pri:0, instance:com.temp.test.TestsWeather@6fb0d3ed]" name="afterTest" is-config="true" duration-ms="913" started-at="2020-10-15T05:07:20 IST" finished-at="2020-10-15T05:07:21 IST">
          <reporter-output>
          </reporter-output>
        </test-method> <!-- afterTest -->
      </class> <!-- com.temp.test.TestsWeather -->
    </test> <!-- Regression -->
  </suite> <!-- master -->
</testng-results>
