<?xml version="1.0" encoding="UTF-8"?>
<!-- Generated by org.testng.reporters.JUnitReportReporter -->
<testsuite skipped="0" hostname="DESKTOP-78H043L" name="com.temp.test.TestsWeather" tests="5" failures="1" timestamp="2020-10-15T05:07:21 IST" time="8.034" errors="0">
  <testcase name="getTemp" time="2.302" classname="com.temp.test.TestsWeather">
    <failure type="java.lang.AssertionError" message="For city Ajmer: The Actual temp is 23.559998 and expected is 34.0 expected [34.0] but found [23.559998]">
      <![CDATA[java.lang.AssertionError: For city Ajmer: The Actual temp is 23.559998 and expected is 34.0 expected [34.0] but found [23.559998]
at org.testng.Assert.fail(Assert.java:99)
at org.testng.Assert.failNotEquals(Assert.java:1037)
at org.testng.Assert.assertEquals(Assert.java:744)
at com.temp.test.TestsWeather.getTemp(TestsWeather.java:227)
at sun.reflect.NativeMethodAccessorImpl.invoke0(Native Method)
at sun.reflect.NativeMethodAccessorImpl.invoke(NativeMethodAccessorImpl.java:62)
at sun.reflect.DelegatingMethodAccessorImpl.invoke(DelegatingMethodAccessorImpl.java:43)
at java.lang.reflect.Method.invoke(Method.java:498)
at org.testng.internal.MethodInvocationHelper.invokeMethod(MethodInvocationHelper.java:132)
at org.testng.internal.TestInvoker.invokeMethod(TestInvoker.java:599)
at org.testng.internal.TestInvoker.invokeTestMethod(TestInvoker.java:174)
at org.testng.internal.TestMethodWithDataProviderMethodWorker.call(TestMethodWithDataProviderMethodWorker.java:77)
at org.testng.internal.TestMethodWithDataProviderMethodWorker.call(TestMethodWithDataProviderMethodWorker.java:15)
at java.util.concurrent.FutureTask.run(FutureTask.java:266)
at java.util.concurrent.Executors$RunnableAdapter.call(Executors.java:511)
at java.util.concurrent.FutureTask.run(FutureTask.java:266)
at java.util.concurrent.ThreadPoolExecutor.runWorker(ThreadPoolExecutor.java:1149)
at java.util.concurrent.ThreadPoolExecutor$Worker.run(ThreadPoolExecutor.java:624)
at java.lang.Thread.run(Thread.java:748)
]]>
    </failure>
  </testcase> <!-- getTemp -->
  <system-out/>
  <testcase name="unCheckCities" time="3.298" classname="com.temp.test.TestsWeather"/>
  <system-out/>
  <testcase name="TestAddCity" time="0.110" classname="com.temp.test.TestsWeather"/>
  <system-out/>
  <testcase name="TestPrintCities" time="0.001" classname="com.temp.test.TestsWeather"/>
  <system-out/>
  <testcase name="getTemp" time="2.323" classname="com.temp.test.TestsWeather"/>
  <system-out/>
</testsuite> <!-- com.temp.test.TestsWeather -->
